#
# There is insufficient memory for the Java Runtime Environment to continue.
# Native memory allocation (malloc) failed to allocate 32784 bytes for Chunk::new
# Possible reasons:
#   The system is out of physical RAM or swap space
#   The process is running with CompressedOops enabled, and the Java Heap may be blocking the growth of the native heap
# Possible solutions:
#   Reduce memory load on the system
#   Increase physical memory or swap space
#   Check if swap backing store is full
#   Decrease Java heap size (-Xmx/-Xms)
#   Decrease number of Java threads
#   Decrease Java thread stack sizes (-Xss)
#   Set larger code cache with -XX:ReservedCodeCacheSize=
#   JVM is running with Unscaled Compressed Oops mode in which the Java heap is
#     placed in the first 4GB address space. The Java Heap base address is the
#     maximum limit for the native heap growth. Please use -XX:HeapBaseMinAddress
#     to set the Java Heap base and to place the Java Heap above 4GB virtual address.
# This output file may be truncated or incomplete.
#
#  Out of Memory Error (./src/hotspot/share/memory/arena.cpp:197), pid=15416, tid=14320
#
# JRE version: OpenJDK Runtime Environment (11.0.13) (build 11.0.13+0-b1751.21-8125866)
# Java VM: OpenJDK 64-Bit Server VM (11.0.13+0-b1751.21-8125866, mixed mode, tiered, compressed oops, g1 gc, windows-amd64)
# No core dump will be written. Minidumps are not enabled by default on client versions of Windows
#

---------------  S U M M A R Y ------------

Command Line: --add-opens=java.base/java.util=ALL-UNNAMED --add-opens=java.base/java.lang=ALL-UNNAMED --add-opens=java.base/java.lang.invoke=ALL-UNNAMED --add-opens=java.base/java.util=ALL-UNNAMED --add-opens=java.prefs/java.util.prefs=ALL-UNNAMED --add-opens=java.prefs/java.util.prefs=ALL-UNNAMED --add-opens=java.base/java.nio.charset=ALL-UNNAMED --add-opens=java.base/java.net=ALL-UNNAMED --add-opens=java.base/java.util.concurrent.atomic=ALL-UNNAMED -Xmx2048m -Dfile.encoding=UTF-8 -Duser.country=RU -Duser.language=ru -Duser.variant org.gradle.launcher.daemon.bootstrap.GradleDaemon 7.4

Host: AMD Ryzen 5 4500U with Radeon Graphics         , 6 cores, 15G,  Windows 11 , 64 bit Build 22621 (10.0.22621.755)
Time: Sat Nov 26 20:10:53 2022 RTZ 2 (зима) elapsed time: 149.756635 seconds (0d 0h 2m 29s)

---------------  T H R E A D  ---------------

Current thread (0x000001c66d8fd800):  JavaThread "C2 CompilerThread0" daemon [_thread_in_native, id=14320, stack(0x000000641d300000,0x000000641d400000)]


Current CompileTask:
C2: 149756 17011       4       org.gradle.api.internal.attributes.DefaultMutableAttributeContainer::attribute (13 bytes)

Stack: [0x000000641d300000,0x000000641d400000]
Native frames: (J=compiled Java code, j=interpreted, Vv=VM code, C=native code)
V  [jvm.dll+0x6100fa]
V  [jvm.dll+0x747090]
V  [jvm.dll+0x7486ad]
V  [jvm.dll+0x748d83]
V  [jvm.dll+0x24ab48]
V  [jvm.dll+0xc04dc]
V  [jvm.dll+0xc0a0c]
V  [jvm.dll+0xc060c]
V  [jvm.dll+0x2b4c67]
V  [jvm.dll+0x2b4ae2]
V  [jvm.dll+0x71c954]
V  [jvm.dll+0x721f2f]
V  [jvm.dll+0x720e2f]
V  [jvm.dll+0x33d8b4]
V  [jvm.dll+0x343d78]
V  [jvm.dll+0x623fe7]
V  [jvm.dll+0x62279c]
V  [jvm.dll+0x18b5ac]
V  [jvm.dll+0x2beb9f]
V  [jvm.dll+0x62d4e5]
V  [jvm.dll+0x62524a]
V  [jvm.dll+0x6248b3]
V  [jvm.dll+0x622904]
V  [jvm.dll+0x18b5ac]
V  [jvm.dll+0x2beb9f]
V  [jvm.dll+0x62d4e5]
V  [jvm.dll+0x62524a]
V  [jvm.dll+0x6248b3]
V  [jvm.dll+0x622904]
V  [jvm.dll+0x18b5ac]
V  [jvm.dll+0x2beb9f]
V  [jvm.dll+0x62d4e5]
V  [jvm.dll+0x62524a]
V  [jvm.dll+0x6248b3]
V  [jvm.dll+0x622904]
V  [jvm.dll+0x18b5ac]
V  [jvm.dll+0x202155]
V  [jvm.dll+0x188e01]
V  [jvm.dll+0x21106b]
V  [jvm.dll+0x20f8c1]
V  [jvm.dll+0x70de0f]
V  [jvm.dll+0x706a75]
V  [jvm.dll+0x60ed66]
C  [ucrtbase.dll+0x29363]
C  [KERNEL32.DLL+0x1244d]
C  [ntdll.dll+0x5dfb8]


---------------  P R O C E S S  ---------------

Threads class SMR info:
_java_thread_list=0x000001c66e905490, length=47, elements={
0x000001c653009000, 0x000001c66d8d2800, 0x000001c66d8d4000, 0x000001c66d8f7800,
0x000001c66d8f9000, 0x000001c66d8fc800, 0x000001c66d8fd800, 0x000001c66d953000,
0x000001c66d968800, 0x000001c66dace800, 0x000001c66f0c2800, 0x000001c66f170800,
0x000001c66f567800, 0x000001c6707f0000, 0x000001c6707f1800, 0x000001c6707f0800,
0x000001c6707f2800, 0x000001c6707f3000, 0x000001c671197800, 0x000001c67119c000,
0x000001c671196800, 0x000001c67119f800, 0x000001c6711a0000, 0x000001c6732d8000,
0x000001c6732d5800, 0x000001c6732d6800, 0x000001c6732d8800, 0x000001c66f2f2000,
0x000001c66f2f6000, 0x000001c66f2f6800, 0x000001c6732ca000, 0x000001c6732cc800,
0x000001c66e06a000, 0x000001c67071f000, 0x000001c6711a5000, 0x000001c670d1b000,
0x000001c670d21000, 0x000001c670d20000, 0x000001c670d22000, 0x000001c670d1e800,
0x000001c670d1c000, 0x000001c670d22800, 0x000001c670d1d000, 0x000001c670d23800,
0x000001c670d1d800, 0x000001c670ebf800, 0x000001c670d27800
}

Java Threads: ( => current thread )
  0x000001c653009000 JavaThread "main" [_thread_blocked, id=2792, stack(0x000000641c700000,0x000000641c800000)]
  0x000001c66d8d2800 JavaThread "Reference Handler" daemon [_thread_blocked, id=13000, stack(0x000000641ce00000,0x000000641cf00000)]
  0x000001c66d8d4000 JavaThread "Finalizer" daemon [_thread_blocked, id=9996, stack(0x000000641cf00000,0x000000641d000000)]
  0x000001c66d8f7800 JavaThread "Signal Dispatcher" daemon [_thread_blocked, id=20396, stack(0x000000641d000000,0x000000641d100000)]
  0x000001c66d8f9000 JavaThread "Attach Listener" daemon [_thread_blocked, id=4956, stack(0x000000641d100000,0x000000641d200000)]
  0x000001c66d8fc800 JavaThread "Service Thread" daemon [_thread_blocked, id=15320, stack(0x000000641d200000,0x000000641d300000)]
=>0x000001c66d8fd800 JavaThread "C2 CompilerThread0" daemon [_thread_in_native, id=14320, stack(0x000000641d300000,0x000000641d400000)]
  0x000001c66d953000 JavaThread "C1 CompilerThread0" daemon [_thread_blocked, id=3100, stack(0x000000641d400000,0x000000641d500000)]
  0x000001c66d968800 JavaThread "Sweeper thread" daemon [_thread_blocked, id=19516, stack(0x000000641d500000,0x000000641d600000)]
  0x000001c66dace800 JavaThread "Common-Cleaner" daemon [_thread_blocked, id=6200, stack(0x000000641d600000,0x000000641d700000)]
  0x000001c66f0c2800 JavaThread "Daemon health stats" [_thread_blocked, id=20288, stack(0x000000641dd00000,0x000000641de00000)]
  0x000001c66f170800 JavaThread "Incoming local TCP Connector on port 52391" [_thread_in_native, id=14384, stack(0x000000641d800000,0x000000641d900000)]
  0x000001c66f567800 JavaThread "Daemon periodic checks" [_thread_blocked, id=10884, stack(0x000000641de00000,0x000000641df00000)]
  0x000001c6707f0000 JavaThread "Cache worker for journal cache (C:\Users\Nauruz\.gradle\caches\journal-1)" [_thread_blocked, id=19396, stack(0x000000641e700000,0x000000641e800000)]
  0x000001c6707f1800 JavaThread "File lock request listener" [_thread_in_native, id=10200, stack(0x000000641e800000,0x000000641e900000)]
  0x000001c6707f0800 JavaThread "Cache worker for file hash cache (C:\Users\Nauruz\.gradle\caches\7.4\fileHashes)" [_thread_blocked, id=14820, stack(0x000000641e900000,0x000000641ea00000)]
  0x000001c6707f2800 JavaThread "File watcher server" daemon [_thread_in_native, id=4832, stack(0x000000641ec00000,0x000000641ed00000)]
  0x000001c6707f3000 JavaThread "File watcher consumer" daemon [_thread_blocked, id=18108, stack(0x000000641ed00000,0x000000641ee00000)]
  0x000001c671197800 JavaThread "Cache worker for execution history cache (C:\Users\Nauruz\.gradle\caches\7.4\executionHistory)" [_thread_blocked, id=2616, stack(0x000000641f200000,0x000000641f300000)]
  0x000001c67119c000 JavaThread "jar transforms" [_thread_blocked, id=11908, stack(0x000000641f300000,0x000000641f400000)]
  0x000001c671196800 JavaThread "Cache worker for file content cache (C:\Users\Nauruz\.gradle\caches\7.4\fileContent)" [_thread_blocked, id=14796, stack(0x000000641f400000,0x000000641f500000)]
  0x000001c67119f800 JavaThread "jar transforms Thread 2" [_thread_blocked, id=10624, stack(0x000000641f500000,0x000000641f600000)]
  0x000001c6711a0000 JavaThread "jar transforms Thread 3" [_thread_blocked, id=1644, stack(0x000000641f700000,0x000000641f800000)]
  0x000001c6732d8000 JavaThread "jar transforms Thread 4" [_thread_blocked, id=20352, stack(0x0000006423500000,0x0000006423600000)]
  0x000001c6732d5800 JavaThread "jar transforms Thread 5" [_thread_blocked, id=4212, stack(0x0000006423600000,0x0000006423700000)]
  0x000001c6732d6800 JavaThread "jar transforms Thread 6" [_thread_blocked, id=5368, stack(0x0000006423700000,0x0000006423800000)]
  0x000001c6732d8800 JavaThread "Memory manager" [_thread_blocked, id=2888, stack(0x0000006423800000,0x0000006423900000)]
  0x000001c66f2f2000 JavaThread "ForkJoinPool.commonPool-worker-5" daemon [_thread_blocked, id=15400, stack(0x0000006424700000,0x0000006424800000)]
  0x000001c66f2f6000 JavaThread "ForkJoinPool.commonPool-worker-9" daemon [_thread_blocked, id=15680, stack(0x0000006424900000,0x0000006424a00000)]
  0x000001c66f2f6800 JavaThread "ForkJoinPool.commonPool-worker-11" daemon [_thread_blocked, id=11636, stack(0x0000006424a00000,0x0000006424b00000)]
  0x000001c6732ca000 JavaThread "Daemon Thread 2" [_thread_blocked, id=19524, stack(0x000000641c500000,0x000000641c600000)]
  0x000001c6732cc800 JavaThread "Daemon worker Thread 2" [_thread_in_native, id=16512, stack(0x000000641e200000,0x000000641e300000)]
  0x000001c66e06a000 JavaThread "included builds" [_thread_blocked, id=14656, stack(0x0000006423900000,0x0000006423a00000)]
  0x000001c67071f000 JavaThread "included builds" [_thread_blocked, id=17616, stack(0x0000006423a00000,0x0000006423b00000)]
  0x000001c6711a5000 JavaThread "included builds" [_thread_blocked, id=3204, stack(0x0000006423300000,0x0000006423400000)]
  0x000001c670d1b000 JavaThread "Handler for socket connection from /127.0.0.1:52391 to /127.0.0.1:52647" [_thread_in_native, id=10832, stack(0x000000641c400000,0x000000641c500000)]
  0x000001c670d21000 JavaThread "Cancel handler" [_thread_blocked, id=7640, stack(0x000000641c600000,0x000000641c700000)]
  0x000001c670d20000 JavaThread "Asynchronous log dispatcher for DefaultDaemonConnection: socket connection from /127.0.0.1:52391 to /127.0.0.1:52647" [_thread_blocked, id=10112, stack(0x000000641e000000,0x000000641e100000)]
  0x000001c670d22000 JavaThread "Stdin handler" [_thread_blocked, id=6600, stack(0x000000641e100000,0x000000641e200000)]
  0x000001c670d1e800 JavaThread "Daemon client event forwarder" [_thread_blocked, id=12628, stack(0x000000641e300000,0x000000641e400000)]
  0x000001c670d1c000 JavaThread "Cache worker for checksums cache (C:\Users\Nauruz\AndroidStudioProjects\hw_player\.gradle\7.4\checksums)" [_thread_blocked, id=3376, stack(0x000000641e400000,0x000000641e500000)]
  0x000001c670d22800 JavaThread "Cache worker for cache directory md-rule (C:\Users\Nauruz\.gradle\caches\7.4\md-rule)" [_thread_blocked, id=10732, stack(0x000000641e500000,0x000000641e600000)]
  0x000001c670d1d000 JavaThread "Cache worker for file hash cache (C:\Users\Nauruz\AndroidStudioProjects\hw_player\.gradle\7.4\fileHashes)" [_thread_blocked, id=1856, stack(0x000000641e600000,0x000000641e700000)]
  0x000001c670d23800 JavaThread "Cache worker for cache directory md-supplier (C:\Users\Nauruz\.gradle\caches\7.4\md-supplier)" [_thread_blocked, id=892, stack(0x000000641eb00000,0x000000641ec00000)]
  0x000001c670d1d800 JavaThread "Cache worker for dependencies-accessors (C:\Users\Nauruz\AndroidStudioProjects\hw_player\.gradle\7.4\dependencies-accessors)" [_thread_blocked, id=6856, stack(0x000000641ee00000,0x000000641ef00000)]
  0x000001c670ebf800 JavaThread "C2 CompilerThread1" daemon [_thread_in_native, id=9024, stack(0x000000641ef00000,0x000000641f000000)]
  0x000001c670d27800 JavaThread "Cache worker for Build Output Cleanup Cache (C:\Users\Nauruz\AndroidStudioProjects\hw_player\.gradle\buildOutputCleanup)" [_thread_blocked, id=18368, stack(0x000000641f000000,0x000000641f100000)]

Other Threads:
  0x000001c66d0ae000 VMThread "VM Thread" [stack: 0x000000641cd00000,0x000000641ce00000] [id=5912]
  0x000001c66dae3800 WatcherThread [stack: 0x000000641d700000,0x000000641d800000] [id=17160]
  0x000001c653022800 GCTaskThread "GC Thread#0" [stack: 0x000000641c800000,0x000000641c900000] [id=16416]
  0x000001c66e6c7000 GCTaskThread "GC Thread#1" [stack: 0x000000641d900000,0x000000641da00000] [id=2604]
  0x000001c66e626000 GCTaskThread "GC Thread#2" [stack: 0x000000641da00000,0x000000641db00000] [id=1828]
  0x000001c66eba4000 GCTaskThread "GC Thread#3" [stack: 0x000000641db00000,0x000000641dc00000] [id=18280]
  0x000001c66dfc1000 GCTaskThread "GC Thread#4" [stack: 0x000000641dc00000,0x000000641dd00000] [id=2712]
  0x000001c6705fa800 GCTaskThread "GC Thread#5" [stack: 0x000000641df00000,0x000000641e000000] [id=15356]
  0x000001c653054000 ConcurrentGCThread "G1 Main Marker" [stack: 0x000000641c900000,0x000000641ca00000] [id=14788]
  0x000001c653056000 ConcurrentGCThread "G1 Conc#0" [stack: 0x000000641ca00000,0x000000641cb00000] [id=1444]
  0x000001c66fc4f000 ConcurrentGCThread "G1 Conc#1" [stack: 0x000000641ea00000,0x000000641eb00000] [id=18996]
  0x000001c6530dd800 ConcurrentGCThread "G1 Refine#0" [stack: 0x000000641cb00000,0x000000641cc00000] [id=19888]
  0x000001c66cf24800 ConcurrentGCThread "G1 Young RemSet Sampling" [stack: 0x000000641cc00000,0x000000641cd00000] [id=5004]

Threads with active compile tasks:
C2 CompilerThread0 149775 17011       4       org.gradle.api.internal.attributes.DefaultMutableAttributeContainer::attribute (13 bytes)
C2 CompilerThread1 149775 17012       4       org.gradle.api.internal.attributes.DefaultMutableAttributeContainer::checkInsertionAllowed (125 bytes)

VM state:not at safepoint (normal execution)

VM Mutex/Monitor currently owned by a thread: None

Heap address: 0x0000000080000000, size: 2048 MB, Compressed Oops mode: 32-bit
Narrow klass base: 0x0000000000000000, Narrow klass shift: 3
Compressed class space size: 1073741824 Address: 0x0000000100000000

Heap:
 garbage-first heap   total 303104K, used 147583K [0x0000000080000000, 0x0000000100000000)
  region size 1024K, 46 young (47104K), 14 survivors (14336K)
 Metaspace       used 103839K, capacity 106470K, committed 106708K, reserved 1142784K
  class space    used 13058K, capacity 14080K, committed 14188K, reserved 1048576K
Heap Regions: E=young(eden), S=young(survivor), O=old, HS=humongous(starts), HC=humongous(continues), CS=collection set, F=free, A=archive, TAMS=top-at-mark-start (previous, next)
|   0|0x0000000080000000, 0x0000000080100000, 0x0000000080100000|100%| O|  |TAMS 0x0000000080100000, 0x0000000080000000| Untracked 
|   1|0x0000000080100000, 0x0000000080200000, 0x0000000080200000|100%| O|  |TAMS 0x0000000080200000, 0x0000000080100000| Untracked 
|   2|0x0000000080200000, 0x0000000080300000, 0x0000000080300000|100%| O|  |TAMS 0x0000000080300000, 0x0000000080200000| Untracked 
|   3|0x0000000080300000, 0x0000000080400000, 0x0000000080400000|100%|HS|  |TAMS 0x0000000080400000, 0x0000000080300000| Complete 
|   4|0x0000000080400000, 0x0000000080500000, 0x0000000080500000|100%|HC|  |TAMS 0x0000000080500000, 0x0000000080400000| Complete 
|   5|0x0000000080500000, 0x0000000080600000, 0x0000000080600000|100%|HC|  |TAMS 0x0000000080600000, 0x0000000080500000| Complete 
|   6|0x0000000080600000, 0x0000000080700000, 0x0000000080700000|100%| O|  |TAMS 0x0000000080700000, 0x0000000080600000| Untracked 
|   7|0x0000000080700000, 0x0000000080800000, 0x0000000080800000|100%| O|  |TAMS 0x0000000080800000, 0x0000000080700000| Untracked 
|   8|0x0000000080800000, 0x0000000080900000, 0x0000000080900000|100%| O|  |TAMS 0x0000000080900000, 0x0000000080800000| Untracked 
|   9|0x0000000080900000, 0x0000000080a00000, 0x0000000080a00000|100%| O|  |TAMS 0x0000000080a00000, 0x0000000080900000| Untracked 
|  10|0x0000000080a00000, 0x0000000080b00000, 0x0000000080b00000|100%| O|  |TAMS 0x0000000080b00000, 0x0000000080a00000| Untracked 
|  11|0x0000000080b00000, 0x0000000080c00000, 0x0000000080c00000|100%| O|  |TAMS 0x0000000080c00000, 0x0000000080b00000| Untracked 
|  12|0x0000000080c00000, 0x0000000080d00000, 0x0000000080d00000|100%| O|  |TAMS 0x0000000080d00000, 0x0000000080c00000| Untracked 
|  13|0x0000000080d00000, 0x0000000080e00000, 0x0000000080e00000|100%| O|  |TAMS 0x0000000080e00000, 0x0000000080d00000| Untracked 
|  14|0x0000000080e00000, 0x0000000080f00000, 0x0000000080f00000|100%| O|  |TAMS 0x0000000080f00000, 0x0000000080e00000| Untracked 
|  15|0x0000000080f00000, 0x0000000081000000, 0x0000000081000000|100%| O|  |TAMS 0x0000000081000000, 0x0000000080f00000| Untracked 
|  16|0x0000000081000000, 0x0000000081100000, 0x0000000081100000|100%|HS|  |TAMS 0x0000000081100000, 0x0000000081000000| Complete 
|  17|0x0000000081100000, 0x0000000081200000, 0x0000000081200000|100%|HS|  |TAMS 0x0000000081200000, 0x0000000081100000| Complete 
|  18|0x0000000081200000, 0x0000000081300000, 0x0000000081300000|100%|HS|  |TAMS 0x0000000081300000, 0x0000000081200000| Complete 
|  19|0x0000000081300000, 0x0000000081400000, 0x0000000081400000|100%|HS|  |TAMS 0x0000000081400000, 0x0000000081300000| Complete 
|  20|0x0000000081400000, 0x0000000081500000, 0x0000000081500000|100%|HC|  |TAMS 0x0000000081500000, 0x0000000081400000| Complete 
|  21|0x0000000081500000, 0x0000000081600000, 0x0000000081600000|100%|HC|  |TAMS 0x0000000081600000, 0x0000000081500000| Complete 
|  22|0x0000000081600000, 0x0000000081700000, 0x0000000081700000|100%|HC|  |TAMS 0x0000000081700000, 0x0000000081600000| Complete 
|  23|0x0000000081700000, 0x0000000081800000, 0x0000000081800000|100%| O|  |TAMS 0x0000000081800000, 0x0000000081700000| Untracked 
|  24|0x0000000081800000, 0x0000000081900000, 0x0000000081900000|100%|HS|  |TAMS 0x0000000081900000, 0x0000000081800000| Complete 
|  25|0x0000000081900000, 0x0000000081a00000, 0x0000000081a00000|100%|HC|  |TAMS 0x0000000081a00000, 0x0000000081900000| Complete 
|  26|0x0000000081a00000, 0x0000000081b00000, 0x0000000081b00000|100%| O|  |TAMS 0x0000000081b00000, 0x0000000081a00000| Untracked 
|  27|0x0000000081b00000, 0x0000000081c00000, 0x0000000081c00000|100%| O|  |TAMS 0x0000000081c00000, 0x0000000081b00000| Untracked 
|  28|0x0000000081c00000, 0x0000000081d00000, 0x0000000081d00000|100%| O|  |TAMS 0x0000000081d00000, 0x0000000081c00000| Untracked 
|  29|0x0000000081d00000, 0x0000000081e00000, 0x0000000081e00000|100%| O|  |TAMS 0x0000000081e00000, 0x0000000081d00000| Untracked 
|  30|0x0000000081e00000, 0x0000000081f00000, 0x0000000081f00000|100%| O|  |TAMS 0x0000000081f00000, 0x0000000081e00000| Untracked 
|  31|0x0000000081f00000, 0x0000000082000000, 0x0000000082000000|100%| O|  |TAMS 0x0000000082000000, 0x0000000081f00000| Untracked 
|  32|0x0000000082000000, 0x0000000082100000, 0x0000000082100000|100%| O|  |TAMS 0x0000000082100000, 0x0000000082000000| Untracked 
|  33|0x0000000082100000, 0x0000000082200000, 0x0000000082200000|100%| O|  |TAMS 0x0000000082200000, 0x0000000082100000| Untracked 
|  34|0x0000000082200000, 0x0000000082300000, 0x0000000082300000|100%| O|  |TAMS 0x0000000082300000, 0x0000000082200000| Untracked 
|  35|0x0000000082300000, 0x0000000082400000, 0x0000000082400000|100%| O|  |TAMS 0x0000000082400000, 0x0000000082300000| Untracked 
|  36|0x0000000082400000, 0x0000000082500000, 0x0000000082500000|100%| O|  |TAMS 0x0000000082500000, 0x0000000082400000| Untracked 
|  37|0x0000000082500000, 0x0000000082600000, 0x0000000082600000|100%| O|  |TAMS 0x0000000082600000, 0x0000000082500000| Untracked 
|  38|0x0000000082600000, 0x0000000082700000, 0x0000000082700000|100%| O|  |TAMS 0x0000000082700000, 0x0000000082600000| Untracked 
|  39|0x0000000082700000, 0x0000000082800000, 0x0000000082800000|100%| O|  |TAMS 0x0000000082800000, 0x0000000082700000| Untracked 
|  40|0x0000000082800000, 0x0000000082900000, 0x0000000082900000|100%| O|  |TAMS 0x0000000082900000, 0x0000000082800000| Untracked 
|  41|0x0000000082900000, 0x0000000082a00000, 0x0000000082a00000|100%| O|  |TAMS 0x0000000082a00000, 0x0000000082900000| Untracked 
|  42|0x0000000082a00000, 0x0000000082b00000, 0x0000000082b00000|100%| O|  |TAMS 0x0000000082b00000, 0x0000000082a00000| Untracked 
|  43|0x0000000082b00000, 0x0000000082c00000, 0x0000000082c00000|100%| O|  |TAMS 0x0000000082c00000, 0x0000000082b00000| Untracked 
|  44|0x0000000082c00000, 0x0000000082d00000, 0x0000000082d00000|100%| O|  |TAMS 0x0000000082d00000, 0x0000000082c00000| Untracked 
|  45|0x0000000082d00000, 0x0000000082e00000, 0x0000000082e00000|100%| O|  |TAMS 0x0000000082e00000, 0x0000000082d00000| Untracked 
|  46|0x0000000082e00000, 0x0000000082f00000, 0x0000000082f00000|100%| O|  |TAMS 0x0000000082f00000, 0x0000000082e00000| Untracked 
|  47|0x0000000082f00000, 0x0000000083000000, 0x0000000083000000|100%| O|  |TAMS 0x0000000083000000, 0x0000000082f00000| Untracked 
|  48|0x0000000083000000, 0x0000000083100000, 0x0000000083100000|100%| O|  |TAMS 0x0000000083000000, 0x0000000083000000| Untracked 
|  49|0x0000000083100000, 0x0000000083200000, 0x0000000083200000|100%| O|  |TAMS 0x0000000083200000, 0x0000000083100000| Untracked 
|  50|0x0000000083200000, 0x0000000083300000, 0x0000000083300000|100%| O|  |TAMS 0x0000000083300000, 0x0000000083200000| Untracked 
|  51|0x0000000083300000, 0x0000000083400000, 0x0000000083400000|100%| O|  |TAMS 0x0000000083400000, 0x0000000083300000| Untracked 
|  52|0x0000000083400000, 0x0000000083500000, 0x0000000083500000|100%| O|  |TAMS 0x0000000083500000, 0x0000000083400000| Untracked 
|  53|0x0000000083500000, 0x0000000083600000, 0x0000000083600000|100%| O|  |TAMS 0x0000000083600000, 0x0000000083500000| Untracked 
|  54|0x0000000083600000, 0x0000000083700000, 0x0000000083700000|100%| O|  |TAMS 0x0000000083700000, 0x0000000083600000| Untracked 
|  55|0x0000000083700000, 0x0000000083800000, 0x0000000083800000|100%| O|  |TAMS 0x0000000083800000, 0x0000000083700000| Untracked 
|  56|0x0000000083800000, 0x0000000083900000, 0x0000000083900000|100%| O|  |TAMS 0x0000000083900000, 0x0000000083800000| Untracked 
|  57|0x0000000083900000, 0x0000000083a00000, 0x0000000083a00000|100%| O|  |TAMS 0x0000000083a00000, 0x0000000083900000| Untracked 
|  58|0x0000000083a00000, 0x0000000083b00000, 0x0000000083b00000|100%| O|  |TAMS 0x0000000083b00000, 0x0000000083a00000| Untracked 
|  59|0x0000000083b00000, 0x0000000083c00000, 0x0000000083c00000|100%| O|  |TAMS 0x0000000083c00000, 0x0000000083b00000| Untracked 
|  60|0x0000000083c00000, 0x0000000083d00000, 0x0000000083d00000|100%| O|  |TAMS 0x0000000083d00000, 0x0000000083c00000| Untracked 
|  61|0x0000000083d00000, 0x0000000083e00000, 0x0000000083e00000|100%| O|  |TAMS 0x0000000083e00000, 0x0000000083d00000| Untracked 
|  62|0x0000000083e00000, 0x0000000083f00000, 0x0000000083f00000|100%| O|  |TAMS 0x0000000083f00000, 0x0000000083e00000| Untracked 
|  63|0x0000000083f00000, 0x0000000084000000, 0x0000000084000000|100%| O|  |TAMS 0x0000000084000000, 0x0000000083f00000| Untracked 
|  64|0x0000000084000000, 0x0000000084100000, 0x0000000084100000|100%| O|  |TAMS 0x0000000084100000, 0x0000000084000000| Untracked 
|  65|0x0000000084100000, 0x0000000084200000, 0x0000000084200000|100%| O|  |TAMS 0x0000000084200000, 0x0000000084100000| Untracked 
|  66|0x0000000084200000, 0x0000000084300000, 0x0000000084300000|100%| O|  |TAMS 0x0000000084300000, 0x0000000084200000| Untracked 
|  67|0x0000000084300000, 0x0000000084400000, 0x0000000084400000|100%| O|  |TAMS 0x0000000084400000, 0x0000000084300000| Untracked 
|  68|0x0000000084400000, 0x0000000084500000, 0x0000000084500000|100%| O|  |TAMS 0x0000000084500000, 0x0000000084400000| Untracked 
|  69|0x0000000084500000, 0x0000000084600000, 0x0000000084600000|100%| O|  |TAMS 0x0000000084600000, 0x0000000084500000| Untracked 
|  70|0x0000000084600000, 0x0000000084700000, 0x0000000084700000|100%| O|  |TAMS 0x0000000084700000, 0x0000000084600000| Untracked 
|  71|0x0000000084700000, 0x0000000084800000, 0x0000000084800000|100%| O|  |TAMS 0x0000000084800000, 0x0000000084700000| Untracked 
|  72|0x0000000084800000, 0x0000000084900000, 0x0000000084900000|100%| O|  |TAMS 0x0000000084900000, 0x0000000084800000| Untracked 
|  73|0x0000000084900000, 0x0000000084a00000, 0x0000000084a00000|100%| O|  |TAMS 0x0000000084a00000, 0x0000000084900000| Untracked 
|  74|0x0000000084a00000, 0x0000000084b00000, 0x0000000084b00000|100%| O|  |TAMS 0x0000000084b00000, 0x0000000084a00000| Untracked 
|  75|0x0000000084b00000, 0x0000000084c00000, 0x0000000084c00000|100%| O|  |TAMS 0x0000000084c00000, 0x0000000084b00000| Untracked 
|  76|0x0000000084c00000, 0x0000000084d00000, 0x0000000084d00000|100%| O|  |TAMS 0x0000000084d00000, 0x0000000084c00000| Untracked 
|  77|0x0000000084d00000, 0x0000000084e00000, 0x0000000084e00000|100%| O|  |TAMS 0x0000000084e00000, 0x0000000084d00000| Untracked 
|  78|0x0000000084e00000, 0x0000000084f00000, 0x0000000084f00000|100%| O|  |TAMS 0x0000000084f00000, 0x0000000084e00000| Untracked 
|  79|0x0000000084f00000, 0x0000000085000000, 0x0000000085000000|100%| O|  |TAMS 0x0000000085000000, 0x0000000084f00000| Untracked 
|  80|0x0000000085000000, 0x0000000085100000, 0x0000000085100000|100%| O|  |TAMS 0x0000000085100000, 0x0000000085000000| Untracked 
|  81|0x0000000085100000, 0x0000000085200000, 0x0000000085200000|100%| O|  |TAMS 0x0000000085200000, 0x0000000085100000| Untracked 
|  82|0x0000000085200000, 0x0000000085300000, 0x0000000085300000|100%| O|  |TAMS 0x0000000085300000, 0x0000000085200000| Untracked 
|  83|0x0000000085300000, 0x0000000085400000, 0x0000000085400000|100%| O|  |TAMS 0x0000000085400000, 0x0000000085300000| Untracked 
|  84|0x0000000085400000, 0x0000000085500000, 0x0000000085500000|100%| O|  |TAMS 0x0000000085500000, 0x0000000085400000| Untracked 
|  85|0x0000000085500000, 0x0000000085600000, 0x0000000085600000|100%| O|  |TAMS 0x0000000085600000, 0x0000000085500000| Untracked 
|  86|0x0000000085600000, 0x0000000085700000, 0x0000000085700000|100%| O|  |TAMS 0x0000000085600000, 0x0000000085600000| Untracked 
|  87|0x0000000085700000, 0x0000000085800000, 0x0000000085800000|100%| O|  |TAMS 0x0000000085700000, 0x0000000085700000| Untracked 
|  88|0x0000000085800000, 0x0000000085900000, 0x0000000085900000|100%| O|  |TAMS 0x0000000085800000, 0x0000000085800000| Untracked 
|  89|0x0000000085900000, 0x0000000085a00000, 0x0000000085a00000|100%| O|  |TAMS 0x0000000085900000, 0x0000000085900000| Untracked 
|  90|0x0000000085a00000, 0x0000000085b00000, 0x0000000085b00000|100%| O|  |TAMS 0x0000000085a00000, 0x0000000085a00000| Untracked 
|  91|0x0000000085b00000, 0x0000000085b4cc00, 0x0000000085c00000| 29%| O|  |TAMS 0x0000000085b00000, 0x0000000085b00000| Untracked 
|  92|0x0000000085c00000, 0x0000000085c00000, 0x0000000085d00000|  0%| F|  |TAMS 0x0000000085c00000, 0x0000000085c00000| Untracked 
|  93|0x0000000085d00000, 0x0000000085d00000, 0x0000000085e00000|  0%| F|  |TAMS 0x0000000085d00000, 0x0000000085d00000| Untracked 
|  94|0x0000000085e00000, 0x0000000085e00000, 0x0000000085f00000|  0%| F|  |TAMS 0x0000000085e00000, 0x0000000085e00000| Untracked 
|  95|0x0000000085f00000, 0x0000000085f00000, 0x0000000086000000|  0%| F|  |TAMS 0x0000000085f00000, 0x0000000085f00000| Untracked 
|  96|0x0000000086000000, 0x0000000086000000, 0x0000000086100000|  0%| F|  |TAMS 0x0000000086000000, 0x0000000086000000| Untracked 
|  97|0x0000000086100000, 0x0000000086100000, 0x0000000086200000|  0%| F|  |TAMS 0x0000000086100000, 0x0000000086100000| Untracked 
|  98|0x0000000086200000, 0x0000000086200000, 0x0000000086300000|  0%| F|  |TAMS 0x0000000086200000, 0x0000000086200000| Untracked 
|  99|0x0000000086300000, 0x0000000086300000, 0x0000000086400000|  0%| F|  |TAMS 0x0000000086300000, 0x0000000086300000| Untracked 
| 100|0x0000000086400000, 0x0000000086400000, 0x0000000086500000|  0%| F|  |TAMS 0x0000000086400000, 0x0000000086400000| Untracked 
| 101|0x0000000086500000, 0x0000000086500000, 0x0000000086600000|  0%| F|  |TAMS 0x0000000086500000, 0x0000000086500000| Untracked 
| 102|0x0000000086600000, 0x0000000086600000, 0x0000000086700000|  0%| F|  |TAMS 0x0000000086600000, 0x0000000086600000| Untracked 
| 103|0x0000000086700000, 0x0000000086700000, 0x0000000086800000|  0%| F|  |TAMS 0x0000000086700000, 0x0000000086700000| Untracked 
| 104|0x0000000086800000, 0x0000000086800000, 0x0000000086900000|  0%| F|  |TAMS 0x0000000086800000, 0x0000000086800000| Untracked 
| 105|0x0000000086900000, 0x0000000086900000, 0x0000000086a00000|  0%| F|  |TAMS 0x0000000086900000, 0x0000000086900000| Untracked 
| 106|0x0000000086a00000, 0x0000000086a00000, 0x0000000086b00000|  0%| F|  |TAMS 0x0000000086a00000, 0x0000000086a00000| Untracked 
| 107|0x0000000086b00000, 0x0000000086b00000, 0x0000000086c00000|  0%| F|  |TAMS 0x0000000086b00000, 0x0000000086b00000| Untracked 
| 108|0x0000000086c00000, 0x0000000086c00000, 0x0000000086d00000|  0%| F|  |TAMS 0x0000000086c00000, 0x0000000086c00000| Untracked 
| 109|0x0000000086d00000, 0x0000000086d00000, 0x0000000086e00000|  0%| F|  |TAMS 0x0000000086d00000, 0x0000000086d00000| Untracked 
| 110|0x0000000086e00000, 0x0000000086e00000, 0x0000000086f00000|  0%| F|  |TAMS 0x0000000086e00000, 0x0000000086e00000| Untracked 
| 111|0x0000000086f00000, 0x0000000086f00000, 0x0000000087000000|  0%| F|  |TAMS 0x0000000086f00000, 0x0000000086f00000| Untracked 
| 112|0x0000000087000000, 0x0000000087000000, 0x0000000087100000|  0%| F|  |TAMS 0x0000000087000000, 0x0000000087000000| Untracked 
| 113|0x0000000087100000, 0x0000000087100000, 0x0000000087200000|  0%| F|  |TAMS 0x0000000087100000, 0x0000000087100000| Untracked 
| 114|0x0000000087200000, 0x0000000087200000, 0x0000000087300000|  0%| F|  |TAMS 0x0000000087200000, 0x0000000087200000| Untracked 
| 115|0x0000000087300000, 0x0000000087300000, 0x0000000087400000|  0%| F|  |TAMS 0x0000000087300000, 0x0000000087300000| Untracked 
| 116|0x0000000087400000, 0x0000000087400000, 0x0000000087500000|  0%| F|  |TAMS 0x0000000087400000, 0x0000000087400000| Untracked 
| 117|0x0000000087500000, 0x0000000087500000, 0x0000000087600000|  0%| F|  |TAMS 0x0000000087500000, 0x0000000087500000| Untracked 
| 118|0x0000000087600000, 0x0000000087600000, 0x0000000087700000|  0%| F|  |TAMS 0x0000000087600000, 0x0000000087600000| Untracked 
| 119|0x0000000087700000, 0x0000000087700000, 0x0000000087800000|  0%| F|  |TAMS 0x0000000087700000, 0x0000000087700000| Untracked 
| 120|0x0000000087800000, 0x0000000087800000, 0x0000000087900000|  0%| F|  |TAMS 0x0000000087800000, 0x0000000087800000| Untracked 
| 121|0x0000000087900000, 0x0000000087900000, 0x0000000087a00000|  0%| F|  |TAMS 0x0000000087900000, 0x0000000087900000| Untracked 
| 122|0x0000000087a00000, 0x0000000087a00000, 0x0000000087b00000|  0%| F|  |TAMS 0x0000000087a00000, 0x0000000087a00000| Untracked 
| 123|0x0000000087b00000, 0x0000000087b00000, 0x0000000087c00000|  0%| F|  |TAMS 0x0000000087b00000, 0x0000000087b00000| Untracked 
| 124|0x0000000087c00000, 0x0000000087c00000, 0x0000000087d00000|  0%| F|  |TAMS 0x0000000087c00000, 0x0000000087c00000| Untracked 
| 125|0x0000000087d00000, 0x0000000087d00000, 0x0000000087e00000|  0%| F|  |TAMS 0x0000000087d00000, 0x0000000087d00000| Untracked 
| 126|0x0000000087e00000, 0x0000000087e00000, 0x0000000087f00000|  0%| F|  |TAMS 0x0000000087e00000, 0x0000000087e00000| Untracked 
| 127|0x0000000087f00000, 0x0000000087f00000, 0x0000000088000000|  0%| F|  |TAMS 0x0000000087f00000, 0x0000000087f00000| Untracked 
| 128|0x0000000088000000, 0x0000000088000000, 0x0000000088100000|  0%| F|  |TAMS 0x0000000088000000, 0x0000000088000000| Untracked 
| 129|0x0000000088100000, 0x0000000088100000, 0x0000000088200000|  0%| F|  |TAMS 0x0000000088100000, 0x0000000088100000| Untracked 
| 130|0x0000000088200000, 0x00000000882d3290, 0x0000000088300000| 82%| S|CS|TAMS 0x0000000088200000, 0x0000000088200000| Complete 
| 131|0x0000000088300000, 0x0000000088400000, 0x0000000088400000|100%| S|CS|TAMS 0x0000000088300000, 0x0000000088300000| Complete 
| 132|0x0000000088400000, 0x0000000088400000, 0x0000000088500000|  0%| F|  |TAMS 0x0000000088400000, 0x0000000088400000| Untracked 
| 133|0x0000000088500000, 0x0000000088500000, 0x0000000088600000|  0%| F|  |TAMS 0x0000000088500000, 0x0000000088500000| Untracked 
| 134|0x0000000088600000, 0x0000000088700000, 0x0000000088700000|100%| O|  |TAMS 0x0000000088700000, 0x0000000088600000| Untracked 
| 135|0x0000000088700000, 0x0000000088800000, 0x0000000088800000|100%| O|  |TAMS 0x0000000088800000, 0x0000000088700000| Untracked 
| 136|0x0000000088800000, 0x0000000088900000, 0x0000000088900000|100%| O|  |TAMS 0x0000000088900000, 0x0000000088800000| Untracked 
| 137|0x0000000088900000, 0x0000000088a00000, 0x0000000088a00000|100%| O|  |TAMS 0x0000000088a00000, 0x0000000088900000| Untracked 
| 138|0x0000000088a00000, 0x0000000088b00000, 0x0000000088b00000|100%| O|  |TAMS 0x0000000088b00000, 0x0000000088a00000| Untracked 
| 139|0x0000000088b00000, 0x0000000088c00000, 0x0000000088c00000|100%| O|  |TAMS 0x0000000088c00000, 0x0000000088b00000| Untracked 
| 140|0x0000000088c00000, 0x0000000088d00000, 0x0000000088d00000|100%| O|  |TAMS 0x0000000088d00000, 0x0000000088c00000| Untracked 
| 141|0x0000000088d00000, 0x0000000088e00000, 0x0000000088e00000|100%| O|  |TAMS 0x0000000088e00000, 0x0000000088d00000| Untracked 
| 142|0x0000000088e00000, 0x0000000088e00000, 0x0000000088f00000|  0%| F|  |TAMS 0x0000000088e00000, 0x0000000088e00000| Untracked 
| 143|0x0000000088f00000, 0x0000000088f00000, 0x0000000089000000|  0%| F|  |TAMS 0x0000000088f00000, 0x0000000088f00000| Untracked 
| 144|0x0000000089000000, 0x0000000089000000, 0x0000000089100000|  0%| F|  |TAMS 0x0000000089000000, 0x0000000089000000| Untracked 
| 145|0x0000000089100000, 0x0000000089100000, 0x0000000089200000|  0%| F|  |TAMS 0x0000000089100000, 0x0000000089100000| Untracked 
| 146|0x0000000089200000, 0x0000000089200000, 0x0000000089300000|  0%| F|  |TAMS 0x0000000089200000, 0x0000000089200000| Untracked 
| 147|0x0000000089300000, 0x0000000089300000, 0x0000000089400000|  0%| F|  |TAMS 0x0000000089300000, 0x0000000089300000| Untracked 
| 148|0x0000000089400000, 0x0000000089400000, 0x0000000089500000|  0%| F|  |TAMS 0x0000000089400000, 0x0000000089400000| Untracked 
| 149|0x0000000089500000, 0x0000000089500000, 0x0000000089600000|  0%| F|  |TAMS 0x0000000089500000, 0x0000000089500000| Untracked 
| 150|0x0000000089600000, 0x0000000089600000, 0x0000000089700000|  0%| F|  |TAMS 0x0000000089600000, 0x0000000089600000| Untracked 
| 151|0x0000000089700000, 0x0000000089700000, 0x0000000089800000|  0%| F|  |TAMS 0x0000000089700000, 0x0000000089700000| Untracked 
| 152|0x0000000089800000, 0x0000000089800000, 0x0000000089900000|  0%| F|  |TAMS 0x0000000089800000, 0x0000000089800000| Untracked 
| 153|0x0000000089900000, 0x0000000089a00000, 0x0000000089a00000|100%| O|  |TAMS 0x00000000899f4400, 0x0000000089900000| Untracked 
| 154|0x0000000089a00000, 0x0000000089a00000, 0x0000000089b00000|  0%| F|  |TAMS 0x0000000089a00000, 0x0000000089a00000| Untracked 
| 155|0x0000000089b00000, 0x0000000089b00000, 0x0000000089c00000|  0%| F|  |TAMS 0x0000000089b00000, 0x0000000089b00000| Untracked 
| 156|0x0000000089c00000, 0x0000000089d00000, 0x0000000089d00000|100%| S|CS|TAMS 0x0000000089c00000, 0x0000000089c00000| Complete 
| 157|0x0000000089d00000, 0x0000000089e00000, 0x0000000089e00000|100%| S|CS|TAMS 0x0000000089d00000, 0x0000000089d00000| Complete 
| 158|0x0000000089e00000, 0x0000000089f00000, 0x0000000089f00000|100%| S|CS|TAMS 0x0000000089e00000, 0x0000000089e00000| Complete 
| 159|0x0000000089f00000, 0x000000008a000000, 0x000000008a000000|100%| S|CS|TAMS 0x0000000089f00000, 0x0000000089f00000| Complete 
| 160|0x000000008a000000, 0x000000008a100000, 0x000000008a100000|100%| S|CS|TAMS 0x000000008a000000, 0x000000008a000000| Complete 
| 161|0x000000008a100000, 0x000000008a200000, 0x000000008a200000|100%| S|CS|TAMS 0x000000008a100000, 0x000000008a100000| Complete 
| 162|0x000000008a200000, 0x000000008a300000, 0x000000008a300000|100%| S|CS|TAMS 0x000000008a200000, 0x000000008a200000| Complete 
| 163|0x000000008a300000, 0x000000008a400000, 0x000000008a400000|100%| S|CS|TAMS 0x000000008a300000, 0x000000008a300000| Complete 
| 164|0x000000008a400000, 0x000000008a500000, 0x000000008a500000|100%| S|CS|TAMS 0x000000008a400000, 0x000000008a400000| Complete 
| 165|0x000000008a500000, 0x000000008a600000, 0x000000008a600000|100%| S|CS|TAMS 0x000000008a500000, 0x000000008a500000| Complete 
| 166|0x000000008a600000, 0x000000008a700000, 0x000000008a700000|100%| S|CS|TAMS 0x000000008a600000, 0x000000008a600000| Complete 
| 167|0x000000008a700000, 0x000000008a800000, 0x000000008a800000|100%| S|CS|TAMS 0x000000008a700000, 0x000000008a700000| Complete 
| 168|0x000000008a800000, 0x000000008a800000, 0x000000008a900000|  0%| F|  |TAMS 0x000000008a800000, 0x000000008a800000| Untracked 
| 169|0x000000008a900000, 0x000000008a900000, 0x000000008aa00000|  0%| F|  |TAMS 0x000000008a900000, 0x000000008a900000| Untracked 
| 170|0x000000008aa00000, 0x000000008aa00000, 0x000000008ab00000|  0%| F|  |TAMS 0x000000008aa00000, 0x000000008aa00000| Untracked 
| 171|0x000000008ab00000, 0x000000008ab00000, 0x000000008ac00000|  0%| F|  |TAMS 0x000000008ab00000, 0x000000008ab00000| Untracked 
| 172|0x000000008ac00000, 0x000000008ac00000, 0x000000008ad00000|  0%| F|  |TAMS 0x000000008ac00000, 0x000000008ac00000| Untracked 
| 173|0x000000008ad00000, 0x000000008ad00000, 0x000000008ae00000|  0%| F|  |TAMS 0x000000008ad00000, 0x000000008ad00000| Untracked 
| 174|0x000000008ae00000, 0x000000008ae00000, 0x000000008af00000|  0%| F|  |TAMS 0x000000008ae00000, 0x000000008ae00000| Untracked 
| 175|0x000000008af00000, 0x000000008af00000, 0x000000008b000000|  0%| F|  |TAMS 0x000000008af00000, 0x000000008af00000| Untracked 
| 176|0x000000008b000000, 0x000000008b000000, 0x000000008b100000|  0%| F|  |TAMS 0x000000008b000000, 0x000000008b000000| Untracked 
| 177|0x000000008b100000, 0x000000008b100000, 0x000000008b200000|  0%| F|  |TAMS 0x000000008b100000, 0x000000008b100000| Untracked 
| 178|0x000000008b200000, 0x000000008b200000, 0x000000008b300000|  0%| F|  |TAMS 0x000000008b200000, 0x000000008b200000| Untracked 
| 179|0x000000008b300000, 0x000000008b300000, 0x000000008b400000|  0%| F|  |TAMS 0x000000008b300000, 0x000000008b300000| Untracked 
| 180|0x000000008b400000, 0x000000008b400000, 0x000000008b500000|  0%| F|  |TAMS 0x000000008b400000, 0x000000008b400000| Untracked 
| 181|0x000000008b500000, 0x000000008b500000, 0x000000008b600000|  0%| F|  |TAMS 0x000000008b500000, 0x000000008b500000| Untracked 
| 182|0x000000008b600000, 0x000000008b600000, 0x000000008b700000|  0%| F|  |TAMS 0x000000008b600000, 0x000000008b600000| Untracked 
| 183|0x000000008b700000, 0x000000008b700000, 0x000000008b800000|  0%| F|  |TAMS 0x000000008b700000, 0x000000008b700000| Untracked 
| 184|0x000000008b800000, 0x000000008b800000, 0x000000008b900000|  0%| F|  |TAMS 0x000000008b800000, 0x000000008b800000| Untracked 
| 185|0x000000008b900000, 0x000000008b900000, 0x000000008ba00000|  0%| F|  |TAMS 0x000000008b900000, 0x000000008b900000| Untracked 
| 186|0x000000008ba00000, 0x000000008ba00000, 0x000000008bb00000|  0%| F|  |TAMS 0x000000008ba00000, 0x000000008ba00000| Untracked 
| 187|0x000000008bb00000, 0x000000008bb00000, 0x000000008bc00000|  0%| F|  |TAMS 0x000000008bb00000, 0x000000008bb00000| Untracked 
| 188|0x000000008bc00000, 0x000000008bc00000, 0x000000008bd00000|  0%| F|  |TAMS 0x000000008bc00000, 0x000000008bc00000| Untracked 
| 189|0x000000008bd00000, 0x000000008bd00000, 0x000000008be00000|  0%| F|  |TAMS 0x000000008bd00000, 0x000000008bd00000| Untracked 
| 190|0x000000008be00000, 0x000000008be00000, 0x000000008bf00000|  0%| F|  |TAMS 0x000000008be00000, 0x000000008be00000| Untracked 
| 191|0x000000008bf00000, 0x000000008bf00000, 0x000000008c000000|  0%| F|  |TAMS 0x000000008bf00000, 0x000000008bf00000| Untracked 
| 192|0x000000008c000000, 0x000000008c000000, 0x000000008c100000|  0%| F|  |TAMS 0x000000008c000000, 0x000000008c000000| Untracked 
| 193|0x000000008c100000, 0x000000008c100000, 0x000000008c200000|  0%| F|  |TAMS 0x000000008c100000, 0x000000008c100000| Untracked 
| 194|0x000000008c200000, 0x000000008c200000, 0x000000008c300000|  0%| F|  |TAMS 0x000000008c200000, 0x000000008c200000| Untracked 
| 195|0x000000008c300000, 0x000000008c300000, 0x000000008c400000|  0%| F|  |TAMS 0x000000008c300000, 0x000000008c300000| Untracked 
| 196|0x000000008c400000, 0x000000008c400000, 0x000000008c500000|  0%| F|  |TAMS 0x000000008c400000, 0x000000008c400000| Untracked 
| 197|0x000000008c500000, 0x000000008c500000, 0x000000008c600000|  0%| F|  |TAMS 0x000000008c500000, 0x000000008c500000| Untracked 
| 198|0x000000008c600000, 0x000000008c600000, 0x000000008c700000|  0%| F|  |TAMS 0x000000008c600000, 0x000000008c600000| Untracked 
| 199|0x000000008c700000, 0x000000008c700000, 0x000000008c800000|  0%| F|  |TAMS 0x000000008c700000, 0x000000008c700000| Untracked 
| 200|0x000000008c800000, 0x000000008c800000, 0x000000008c900000|  0%| F|  |TAMS 0x000000008c800000, 0x000000008c800000| Untracked 
| 201|0x000000008c900000, 0x000000008c900000, 0x000000008ca00000|  0%| F|  |TAMS 0x000000008c900000, 0x000000008c900000| Untracked 
| 202|0x000000008ca00000, 0x000000008ca00000, 0x000000008cb00000|  0%| F|  |TAMS 0x000000008ca00000, 0x000000008ca00000| Untracked 
| 203|0x000000008cb00000, 0x000000008cb00000, 0x000000008cc00000|  0%| F|  |TAMS 0x000000008cb00000, 0x000000008cb00000| Untracked 
| 204|0x000000008cc00000, 0x000000008cc00000, 0x000000008cd00000|  0%| F|  |TAMS 0x000000008cc00000, 0x000000008cc00000| Untracked 
| 205|0x000000008cd00000, 0x000000008cd00000, 0x000000008ce00000|  0%| F|  |TAMS 0x000000008cd00000, 0x000000008cd00000| Untracked 
| 206|0x000000008ce00000, 0x000000008ce00000, 0x000000008cf00000|  0%| F|  |TAMS 0x000000008ce00000, 0x000000008ce00000| Untracked 
| 207|0x000000008cf00000, 0x000000008cf00000, 0x000000008d000000|  0%| F|  |TAMS 0x000000008cf00000, 0x000000008cf00000| Untracked 
| 208|0x000000008d000000, 0x000000008d000000, 0x000000008d100000|  0%| F|  |TAMS 0x000000008d000000, 0x000000008d000000| Untracked 
| 209|0x000000008d100000, 0x000000008d100000, 0x000000008d200000|  0%| F|  |TAMS 0x000000008d100000, 0x000000008d100000| Untracked 
| 210|0x000000008d200000, 0x000000008d200000, 0x000000008d300000|  0%| F|  |TAMS 0x000000008d200000, 0x000000008d200000| Untracked 
| 211|0x000000008d300000, 0x000000008d300000, 0x000000008d400000|  0%| F|  |TAMS 0x000000008d300000, 0x000000008d300000| Untracked 
| 212|0x000000008d400000, 0x000000008d400000, 0x000000008d500000|  0%| F|  |TAMS 0x000000008d400000, 0x000000008d400000| Untracked 
| 213|0x000000008d500000, 0x000000008d500000, 0x000000008d600000|  0%| F|  |TAMS 0x000000008d500000, 0x000000008d500000| Untracked 
| 214|0x000000008d600000, 0x000000008d600000, 0x000000008d700000|  0%| F|  |TAMS 0x000000008d600000, 0x000000008d600000| Untracked 
| 215|0x000000008d700000, 0x000000008d700000, 0x000000008d800000|  0%| F|  |TAMS 0x000000008d700000, 0x000000008d700000| Untracked 
| 216|0x000000008d800000, 0x000000008d800000, 0x000000008d900000|  0%| F|  |TAMS 0x000000008d800000, 0x000000008d800000| Untracked 
| 217|0x000000008d900000, 0x000000008d900000, 0x000000008da00000|  0%| F|  |TAMS 0x000000008d900000, 0x000000008d900000| Untracked 
| 218|0x000000008da00000, 0x000000008da00000, 0x000000008db00000|  0%| F|  |TAMS 0x000000008da00000, 0x000000008da00000| Untracked 
| 219|0x000000008db00000, 0x000000008db00000, 0x000000008dc00000|  0%| F|  |TAMS 0x000000008db00000, 0x000000008db00000| Untracked 
| 220|0x000000008dc00000, 0x000000008dc00000, 0x000000008dd00000|  0%| F|  |TAMS 0x000000008dc00000, 0x000000008dc00000| Untracked 
| 221|0x000000008dd00000, 0x000000008dd00000, 0x000000008de00000|  0%| F|  |TAMS 0x000000008dd00000, 0x000000008dd00000| Untracked 
| 222|0x000000008de00000, 0x000000008de00000, 0x000000008df00000|  0%| F|  |TAMS 0x000000008de00000, 0x000000008de00000| Untracked 
| 223|0x000000008df00000, 0x000000008df00000, 0x000000008e000000|  0%| F|  |TAMS 0x000000008df00000, 0x000000008df00000| Untracked 
| 224|0x000000008e000000, 0x000000008e000000, 0x000000008e100000|  0%| F|  |TAMS 0x000000008e000000, 0x000000008e000000| Untracked 
| 225|0x000000008e100000, 0x000000008e100000, 0x000000008e200000|  0%| F|  |TAMS 0x000000008e100000, 0x000000008e100000| Untracked 
| 226|0x000000008e200000, 0x000000008e200000, 0x000000008e300000|  0%| F|  |TAMS 0x000000008e200000, 0x000000008e200000| Untracked 
| 227|0x000000008e300000, 0x000000008e300000, 0x000000008e400000|  0%| F|  |TAMS 0x000000008e300000, 0x000000008e300000| Untracked 
| 228|0x000000008e400000, 0x000000008e400000, 0x000000008e500000|  0%| F|  |TAMS 0x000000008e400000, 0x000000008e400000| Untracked 
| 229|0x000000008e500000, 0x000000008e500000, 0x000000008e600000|  0%| F|  |TAMS 0x000000008e500000, 0x000000008e500000| Untracked 
| 230|0x000000008e600000, 0x000000008e600000, 0x000000008e700000|  0%| F|  |TAMS 0x000000008e600000, 0x000000008e600000| Untracked 
| 231|0x000000008e700000, 0x000000008e700000, 0x000000008e800000|  0%| F|  |TAMS 0x000000008e700000, 0x000000008e700000| Untracked 
| 232|0x000000008e800000, 0x000000008e800000, 0x000000008e900000|  0%| F|  |TAMS 0x000000008e800000, 0x000000008e800000| Untracked 
| 233|0x000000008e900000, 0x000000008e900000, 0x000000008ea00000|  0%| F|  |TAMS 0x000000008e900000, 0x000000008e900000| Untracked 
| 234|0x000000008ea00000, 0x000000008ea00000, 0x000000008eb00000|  0%| F|  |TAMS 0x000000008ea00000, 0x000000008ea00000| Untracked 
| 235|0x000000008eb00000, 0x000000008eb00000, 0x000000008ec00000|  0%| F|  |TAMS 0x000000008eb00000, 0x000000008eb00000| Untracked 
| 236|0x000000008ec00000, 0x000000008ec00000, 0x000000008ed00000|  0%| F|  |TAMS 0x000000008ec00000, 0x000000008ec00000| Untracked 
| 237|0x000000008ed00000, 0x000000008ed00000, 0x000000008ee00000|  0%| F|  |TAMS 0x000000008ed00000, 0x000000008ed00000| Untracked 
| 238|0x000000008ee00000, 0x000000008ee00000, 0x000000008ef00000|  0%| F|  |TAMS 0x000000008ee00000, 0x000000008ee00000| Untracked 
| 239|0x000000008ef00000, 0x000000008ef00000, 0x000000008f000000|  0%| F|  |TAMS 0x000000008ef00000, 0x000000008ef00000| Untracked 
| 240|0x000000008f000000, 0x000000008f000000, 0x000000008f100000|  0%| F|  |TAMS 0x000000008f000000, 0x000000008f000000| Untracked 
| 241|0x000000008f100000, 0x000000008f100000, 0x000000008f200000|  0%| F|  |TAMS 0x000000008f100000, 0x000000008f100000| Untracked 
| 242|0x000000008f200000, 0x000000008f200000, 0x000000008f300000|  0%| F|  |TAMS 0x000000008f200000, 0x000000008f200000| Untracked 
| 243|0x000000008f300000, 0x000000008f300000, 0x000000008f400000|  0%| F|  |TAMS 0x000000008f300000, 0x000000008f300000| Untracked 
| 244|0x000000008f400000, 0x000000008f400000, 0x000000008f500000|  0%| F|  |TAMS 0x000000008f400000, 0x000000008f400000| Untracked 
| 245|0x000000008f500000, 0x000000008f500000, 0x000000008f600000|  0%| F|  |TAMS 0x000000008f500000, 0x000000008f500000| Untracked 
| 246|0x000000008f600000, 0x000000008f600000, 0x000000008f700000|  0%| F|  |TAMS 0x000000008f600000, 0x000000008f600000| Untracked 
| 247|0x000000008f700000, 0x000000008f700000, 0x000000008f800000|  0%| F|  |TAMS 0x000000008f700000, 0x000000008f700000| Untracked 
| 248|0x000000008f800000, 0x000000008f800000, 0x000000008f900000|  0%| F|  |TAMS 0x000000008f800000, 0x000000008f800000| Untracked 
| 249|0x000000008f900000, 0x000000008f900000, 0x000000008fa00000|  0%| F|  |TAMS 0x000000008f900000, 0x000000008f900000| Untracked 
| 250|0x000000008fa00000, 0x000000008fa00000, 0x000000008fb00000|  0%| F|  |TAMS 0x000000008fa00000, 0x000000008fa00000| Untracked 
| 251|0x000000008fb00000, 0x000000008fb00000, 0x000000008fc00000|  0%| F|  |TAMS 0x000000008fb00000, 0x000000008fb00000| Untracked 
| 252|0x000000008fc00000, 0x000000008fc00000, 0x000000008fd00000|  0%| F|  |TAMS 0x000000008fc00000, 0x000000008fc00000| Untracked 
| 253|0x000000008fd00000, 0x000000008fd00000, 0x000000008fe00000|  0%| F|  |TAMS 0x000000008fd00000, 0x000000008fd00000| Untracked 
| 254|0x000000008fe00000, 0x000000008fe00000, 0x000000008ff00000|  0%| F|  |TAMS 0x000000008fe00000, 0x000000008fe00000| Untracked 
| 255|0x000000008ff00000, 0x000000008ff00000, 0x0000000090000000|  0%| F|  |TAMS 0x000000008ff00000, 0x000000008ff00000| Untracked 
| 256|0x0000000090000000, 0x0000000090000000, 0x0000000090100000|  0%| F|  |TAMS 0x0000000090000000, 0x0000000090000000| Untracked 
| 257|0x0000000090100000, 0x0000000090100000, 0x0000000090200000|  0%| F|  |TAMS 0x0000000090100000, 0x0000000090100000| Untracked 
| 258|0x0000000090200000, 0x0000000090200000, 0x0000000090300000|  0%| F|  |TAMS 0x0000000090200000, 0x0000000090200000| Untracked 
| 259|0x0000000090300000, 0x0000000090300000, 0x0000000090400000|  0%| F|  |TAMS 0x0000000090300000, 0x0000000090300000| Untracked 
| 260|0x0000000090400000, 0x0000000090400000, 0x0000000090500000|  0%| F|  |TAMS 0x0000000090400000, 0x0000000090400000| Untracked 
| 261|0x0000000090500000, 0x0000000090500000, 0x0000000090600000|  0%| F|  |TAMS 0x0000000090500000, 0x0000000090500000| Untracked 
| 262|0x0000000090600000, 0x0000000090600000, 0x0000000090700000|  0%| F|  |TAMS 0x0000000090600000, 0x0000000090600000| Untracked 
| 263|0x0000000090700000, 0x0000000090700000, 0x0000000090800000|  0%| F|  |TAMS 0x0000000090700000, 0x0000000090700000| Untracked 
| 264|0x0000000090800000, 0x0000000090900000, 0x0000000090900000|100%| E|  |TAMS 0x0000000090800000, 0x0000000090800000| Complete 
| 265|0x0000000090900000, 0x0000000090a00000, 0x0000000090a00000|100%| E|CS|TAMS 0x0000000090900000, 0x0000000090900000| Complete 
| 266|0x0000000090a00000, 0x0000000090b00000, 0x0000000090b00000|100%| E|CS|TAMS 0x0000000090a00000, 0x0000000090a00000| Complete 
| 267|0x0000000090b00000, 0x0000000090c00000, 0x0000000090c00000|100%| E|CS|TAMS 0x0000000090b00000, 0x0000000090b00000| Complete 
| 268|0x0000000090c00000, 0x0000000090d00000, 0x0000000090d00000|100%| E|CS|TAMS 0x0000000090c00000, 0x0000000090c00000| Complete 
| 269|0x0000000090d00000, 0x0000000090e00000, 0x0000000090e00000|100%| E|CS|TAMS 0x0000000090d00000, 0x0000000090d00000| Complete 
| 270|0x0000000090e00000, 0x0000000090f00000, 0x0000000090f00000|100%| E|CS|TAMS 0x0000000090e00000, 0x0000000090e00000| Complete 
| 271|0x0000000090f00000, 0x0000000091000000, 0x0000000091000000|100%| E|CS|TAMS 0x0000000090f00000, 0x0000000090f00000| Complete 
| 272|0x0000000091000000, 0x0000000091100000, 0x0000000091100000|100%| E|CS|TAMS 0x0000000091000000, 0x0000000091000000| Complete 
| 273|0x0000000091100000, 0x0000000091200000, 0x0000000091200000|100%| E|CS|TAMS 0x0000000091100000, 0x0000000091100000| Complete 
| 274|0x0000000091200000, 0x0000000091300000, 0x0000000091300000|100%| E|CS|TAMS 0x0000000091200000, 0x0000000091200000| Complete 
| 275|0x0000000091300000, 0x0000000091400000, 0x0000000091400000|100%| E|CS|TAMS 0x0000000091300000, 0x0000000091300000| Complete 
| 276|0x0000000091400000, 0x0000000091500000, 0x0000000091500000|100%| E|CS|TAMS 0x0000000091400000, 0x0000000091400000| Complete 
| 277|0x0000000091500000, 0x0000000091600000, 0x0000000091600000|100%| E|CS|TAMS 0x0000000091500000, 0x0000000091500000| Complete 
| 278|0x0000000091600000, 0x0000000091700000, 0x0000000091700000|100%| E|CS|TAMS 0x0000000091600000, 0x0000000091600000| Complete 
| 279|0x0000000091700000, 0x0000000091800000, 0x0000000091800000|100%| E|CS|TAMS 0x0000000091700000, 0x0000000091700000| Complete 
| 280|0x0000000091800000, 0x0000000091900000, 0x0000000091900000|100%| E|CS|TAMS 0x0000000091800000, 0x0000000091800000| Complete 
| 281|0x0000000091900000, 0x0000000091a00000, 0x0000000091a00000|100%| E|CS|TAMS 0x0000000091900000, 0x0000000091900000| Complete 
| 282|0x0000000091a00000, 0x0000000091b00000, 0x0000000091b00000|100%| E|CS|TAMS 0x0000000091a00000, 0x0000000091a00000| Complete 
| 283|0x0000000091b00000, 0x0000000091c00000, 0x0000000091c00000|100%| E|CS|TAMS 0x0000000091b00000, 0x0000000091b00000| Complete 
| 284|0x0000000091c00000, 0x0000000091d00000, 0x0000000091d00000|100%| E|CS|TAMS 0x0000000091c00000, 0x0000000091c00000| Complete 
| 285|0x0000000091d00000, 0x0000000091e00000, 0x0000000091e00000|100%| E|CS|TAMS 0x0000000091d00000, 0x0000000091d00000| Complete 
| 286|0x0000000091e00000, 0x0000000091f00000, 0x0000000091f00000|100%| E|CS|TAMS 0x0000000091e00000, 0x0000000091e00000| Complete 
| 287|0x0000000091f00000, 0x0000000092000000, 0x0000000092000000|100%| E|CS|TAMS 0x0000000091f00000, 0x0000000091f00000| Complete 
| 288|0x0000000092000000, 0x0000000092100000, 0x0000000092100000|100%| E|CS|TAMS 0x0000000092000000, 0x0000000092000000| Complete 
| 289|0x0000000092100000, 0x0000000092200000, 0x0000000092200000|100%| E|CS|TAMS 0x0000000092100000, 0x0000000092100000| Complete 
| 290|0x0000000092200000, 0x0000000092300000, 0x0000000092300000|100%| E|CS|TAMS 0x0000000092200000, 0x0000000092200000| Complete 
| 291|0x0000000092300000, 0x0000000092400000, 0x0000000092400000|100%| E|CS|TAMS 0x0000000092300000, 0x0000000092300000| Complete 
| 292|0x0000000092400000, 0x0000000092500000, 0x0000000092500000|100%| E|  |TAMS 0x0000000092400000, 0x0000000092400000| Complete 
| 293|0x0000000092500000, 0x0000000092600000, 0x0000000092600000|100%| E|CS|TAMS 0x0000000092500000, 0x0000000092500000| Complete 
| 294|0x0000000092600000, 0x0000000092700000, 0x0000000092700000|100%| E|CS|TAMS 0x0000000092600000, 0x0000000092600000| Complete 
| 295|0x0000000092700000, 0x0000000092800000, 0x0000000092800000|100%| E|CS|TAMS 0x0000000092700000, 0x0000000092700000| Complete 

Card table byte_map: [0x000001c666040000,0x000001c666440000] _byte_map_base: 0x000001c665c40000

Marking Bits (Prev, Next): (CMBitMap*) 0x000001c65304b530, (CMBitMap*) 0x000001c65304b4f8
 Prev Bits: [0x000001c668840000, 0x000001c66a840000)
 Next Bits: [0x000001c666840000, 0x000001c668840000)

Polling page: 0x000001c650f50000

Metaspace:

Usage:
  Non-class:     90.22 MB capacity,    88.65 MB ( 98%) used,     1.25 MB (  1%) free+waste,   324.50 KB ( <1%) overhead. 
      Class:     13.75 MB capacity,    12.75 MB ( 93%) used,   879.07 KB (  6%) free+waste,   142.06 KB (  1%) overhead. 
       Both:    103.97 MB capacity,   101.41 MB ( 98%) used,     2.11 MB (  2%) free+waste,   466.56 KB ( <1%) overhead. 

Virtual space:
  Non-class space:       92.00 MB reserved,      90.35 MB ( 98%) committed 
      Class space:        1.00 GB reserved,      13.86 MB (  1%) committed 
             Both:        1.09 GB reserved,     104.21 MB (  9%) committed 

Chunk freelists:
   Non-Class:  2.00 KB
       Class:  0 bytes
        Both:  2.00 KB

MaxMetaspaceSize: 17179869184.00 GB
CompressedClassSpaceSize: 1.00 GB
Initial GC threshold: 20.80 MB
Current GC threshold: 168.05 MB
CDS: off

CodeHeap 'non-profiled nmethods': size=120064Kb used=10485Kb max_used=10485Kb free=109578Kb
 bounds [0x000001c65e5e0000, 0x000001c65f020000, 0x000001c665b20000]
CodeHeap 'profiled nmethods': size=120000Kb used=36589Kb max_used=36589Kb free=83410Kb
 bounds [0x000001c6570b0000, 0x000001c659470000, 0x000001c65e5e0000]
CodeHeap 'non-nmethods': size=5696Kb used=2421Kb max_used=2483Kb free=3274Kb
 bounds [0x000001c656b20000, 0x000001c656da0000, 0x000001c6570b0000]
 total_blobs=17883 nmethods=16935 adapters=859
 compilation: enabled
              stopped_count=0, restarted_count=0
 full_count=0

Compilation events (20 events):
Event: 149.747 Thread 0x000001c66d953000 17039       1       org.gradle.plugin.use.internal.DefaultPluginRequestApplicator$Result::access$100 (5 bytes)
Event: 149.748 Thread 0x000001c66d953000 nmethod 17039 0x000001c65f019510 code [0x000001c65f0196c0, 0x000001c65f019758]
Event: 149.748 Thread 0x000001c66d953000 17040       3       org.gradle.api.internal.artifacts.ProjectBackedModule::getVersion (13 bytes)
Event: 149.748 Thread 0x000001c66d953000 nmethod 17040 0x000001c659466d90 code [0x000001c659466f60, 0x000001c6594671d8]
Event: 149.751 Thread 0x000001c66d8fd800 nmethod 17010 0x000001c65f019810 code [0x000001c65f0199e0, 0x000001c65f019ff8]
Event: 149.751 Thread 0x000001c66d8fd800 17041       4       java.nio.Buffer::nextPutIndex (32 bytes)
Event: 149.751 Thread 0x000001c66d8fd800 nmethod 17041 0x000001c65f01a510 code [0x000001c65f01a6a0, 0x000001c65f01a738]
Event: 149.751 Thread 0x000001c66d8fd800 17015       4       java.util.Collections$EmptyMap::keySet (4 bytes)
Event: 149.752 Thread 0x000001c66d8fd800 nmethod 17015 0x000001c65f01a810 code [0x000001c65f01a9a0, 0x000001c65f01aa18]
Event: 149.752 Thread 0x000001c66d8fd800 17011       4       org.gradle.api.internal.attributes.DefaultMutableAttributeContainer::attribute (13 bytes)
Event: 149.752 Thread 0x000001c66d953000 17042       1       org.gradle.api.internal.project.DefaultProjectStateRegistry$ProjectStateImpl::getComponentIdentifier (5 bytes)
Event: 149.752 Thread 0x000001c66d953000 nmethod 17042 0x000001c65f01ab10 code [0x000001c65f01acc0, 0x000001c65f01ad78]
Event: 149.754 Thread 0x000001c66d953000 17043       3       org.gradle.internal.snapshot.impl.IntegerValueSnapshot::isolate (5 bytes)
Event: 149.754 Thread 0x000001c66d953000 nmethod 17043 0x000001c659467310 code [0x000001c6594674c0, 0x000001c659467698]
Event: 149.754 Thread 0x000001c66d953000 17044       3       java.util.regex.Pattern$Prolog::match (11 bytes)
Event: 149.754 Thread 0x000001c66d953000 nmethod 17044 0x000001c659467790 code [0x000001c659467940, 0x000001c659467a88]
Event: 149.754 Thread 0x000001c66d953000 17045       3       java.util.regex.Pattern$Loop::matchInit (159 bytes)
Event: 149.754 Thread 0x000001c66d953000 nmethod 17045 0x000001c659467b90 code [0x000001c659467de0, 0x000001c659468708]
Event: 149.755 Thread 0x000001c66d953000 17048       3       java.io.FileInputStream$1::close (11 bytes)
Event: 149.756 Thread 0x000001c66d953000 nmethod 17048 0x000001c659468a90 code [0x000001c659468c80, 0x000001c6594692d8]

GC Heap History (20 events):
Event: 6.493 GC heap before
{Heap before GC invocations=10 (full 0):
 garbage-first heap   total 251904K, used 116660K [0x0000000080000000, 0x0000000100000000)
  region size 1024K, 83 young (84992K), 17 survivors (17408K)
 Metaspace       used 59038K, capacity 60360K, committed 60496K, reserved 1101824K
  class space    used 7444K, capacity 7986K, committed 8096K, reserved 1048576K
}
Event: 6.508 GC heap after
{Heap after GC invocations=11 (full 0):
 garbage-first heap   total 251904K, used 55192K [0x0000000080000000, 0x0000000100000000)
  region size 1024K, 4 young (4096K), 4 survivors (4096K)
 Metaspace       used 59038K, capacity 60360K, committed 60496K, reserved 1101824K
  class space    used 7444K, capacity 7986K, committed 8096K, reserved 1048576K
}
Event: 7.611 GC heap before
{Heap before GC invocations=12 (full 0):
 garbage-first heap   total 251904K, used 166808K [0x0000000080000000, 0x0000000100000000)
  region size 1024K, 106 young (108544K), 4 survivors (4096K)
 Metaspace       used 67780K, capacity 69269K, committed 69456K, reserved 1110016K
  class space    used 8526K, capacity 9102K, committed 9120K, reserved 1048576K
}
Event: 7.620 GC heap after
{Heap after GC invocations=13 (full 0):
 garbage-first heap   total 303104K, used 61508K [0x0000000080000000, 0x0000000100000000)
  region size 1024K, 11 young (11264K), 11 survivors (11264K)
 Metaspace       used 67780K, capacity 69269K, committed 69456K, reserved 1110016K
  class space    used 8526K, capacity 9102K, committed 9120K, reserved 1048576K
}
Event: 9.247 GC heap before
{Heap before GC invocations=13 (full 0):
 garbage-first heap   total 303104K, used 191556K [0x0000000080000000, 0x0000000100000000)
  region size 1024K, 138 young (141312K), 11 survivors (11264K)
 Metaspace       used 76781K, capacity 78403K, committed 78544K, reserved 1118208K
  class space    used 9886K, capacity 10528K, committed 10528K, reserved 1048576K
}
Event: 9.264 GC heap after
{Heap after GC invocations=14 (full 0):
 garbage-first heap   total 303104K, used 71039K [0x0000000080000000, 0x0000000100000000)
  region size 1024K, 17 young (17408K), 17 survivors (17408K)
 Metaspace       used 76781K, capacity 78403K, committed 78544K, reserved 1118208K
  class space    used 9886K, capacity 10528K, committed 10528K, reserved 1048576K
}
Event: 10.897 GC heap before
{Heap before GC invocations=14 (full 0):
 garbage-first heap   total 303104K, used 209279K [0x0000000080000000, 0x0000000100000000)
  region size 1024K, 153 young (156672K), 17 survivors (17408K)
 Metaspace       used 86314K, capacity 88474K, committed 88656K, reserved 1126400K
  class space    used 11251K, capacity 12108K, committed 12192K, reserved 1048576K
}
Event: 10.918 GC heap after
{Heap after GC invocations=15 (full 0):
 garbage-first heap   total 303104K, used 81818K [0x0000000080000000, 0x0000000100000000)
  region size 1024K, 20 young (20480K), 20 survivors (20480K)
 Metaspace       used 86314K, capacity 88474K, committed 88656K, reserved 1126400K
  class space    used 11251K, capacity 12108K, committed 12192K, reserved 1048576K
}
Event: 11.967 GC heap before
{Heap before GC invocations=15 (full 0):
 garbage-first heap   total 303104K, used 214938K [0x0000000080000000, 0x0000000100000000)
  region size 1024K, 151 young (154624K), 20 survivors (20480K)
 Metaspace       used 88632K, capacity 90898K, committed 91088K, reserved 1128448K
  class space    used 11415K, capacity 12267K, committed 12320K, reserved 1048576K
}
Event: 11.986 GC heap after
{Heap after GC invocations=16 (full 0):
 garbage-first heap   total 303104K, used 91119K [0x0000000080000000, 0x0000000100000000)
  region size 1024K, 12 young (12288K), 12 survivors (12288K)
 Metaspace       used 88632K, capacity 90898K, committed 91088K, reserved 1128448K
  class space    used 11415K, capacity 12267K, committed 12320K, reserved 1048576K
}
Event: 14.083 GC heap before
{Heap before GC invocations=16 (full 0):
 garbage-first heap   total 303104K, used 222191K [0x0000000080000000, 0x0000000100000000)
  region size 1024K, 141 young (144384K), 12 survivors (12288K)
 Metaspace       used 93645K, capacity 95885K, committed 96080K, reserved 1132544K
  class space    used 12021K, capacity 12883K, committed 12960K, reserved 1048576K
}
Event: 14.101 GC heap after
{Heap after GC invocations=17 (full 0):
 garbage-first heap   total 303104K, used 100762K [0x0000000080000000, 0x0000000100000000)
  region size 1024K, 13 young (13312K), 13 survivors (13312K)
 Metaspace       used 93645K, capacity 95885K, committed 96080K, reserved 1132544K
  class space    used 12021K, capacity 12883K, committed 12960K, reserved 1048576K
}
Event: 15.209 GC heap before
{Heap before GC invocations=17 (full 0):
 garbage-first heap   total 303104K, used 241050K [0x0000000080000000, 0x0000000100000000)
  region size 1024K, 104 young (106496K), 13 survivors (13312K)
 Metaspace       used 98652K, capacity 101112K, committed 101256K, reserved 1136640K
  class space    used 12632K, capacity 13566K, committed 13600K, reserved 1048576K
}
Event: 15.222 GC heap after
{Heap after GC invocations=18 (full 0):
 garbage-first heap   total 303104K, used 121576K [0x0000000080000000, 0x0000000100000000)
  region size 1024K, 8 young (8192K), 8 survivors (8192K)
 Metaspace       used 98652K, capacity 101112K, committed 101256K, reserved 1136640K
  class space    used 12632K, capacity 13566K, committed 13600K, reserved 1048576K
}
Event: 121.061 GC heap before
{Heap before GC invocations=19 (full 0):
 garbage-first heap   total 303104K, used 244456K [0x0000000080000000, 0x0000000100000000)
  region size 1024K, 120 young (122880K), 8 survivors (8192K)
 Metaspace       used 100608K, capacity 103007K, committed 103252K, reserved 1138688K
  class space    used 12736K, capacity 13665K, committed 13804K, reserved 1048576K
}
Event: 121.073 GC heap after
{Heap after GC invocations=20 (full 0):
 garbage-first heap   total 303104K, used 105732K [0x0000000080000000, 0x0000000100000000)
  region size 1024K, 10 young (10240K), 10 survivors (10240K)
 Metaspace       used 100608K, capacity 103007K, committed 103252K, reserved 1138688K
  class space    used 12736K, capacity 13665K, committed 13804K, reserved 1048576K
}
Event: 126.223 GC heap before
{Heap before GC invocations=21 (full 0):
 garbage-first heap   total 303104K, used 237828K [0x0000000080000000, 0x0000000100000000)
  region size 1024K, 140 young (143360K), 10 survivors (10240K)
 Metaspace       used 103228K, capacity 105871K, committed 106068K, reserved 1140736K
  class space    used 13038K, capacity 14044K, committed 14060K, reserved 1048576K
}
Event: 126.239 GC heap after
{Heap after GC invocations=22 (full 0):
 garbage-first heap   total 303104K, used 111414K [0x0000000080000000, 0x0000000100000000)
  region size 1024K, 15 young (15360K), 15 survivors (15360K)
 Metaspace       used 103228K, capacity 105871K, committed 106068K, reserved 1140736K
  class space    used 13038K, capacity 14044K, committed 14060K, reserved 1048576K
}
Event: 142.376 GC heap before
{Heap before GC invocations=22 (full 0):
 garbage-first heap   total 303104K, used 241462K [0x0000000080000000, 0x0000000100000000)
  region size 1024K, 143 young (146432K), 15 survivors (15360K)
 Metaspace       used 103690K, capacity 106374K, committed 106708K, reserved 1142784K
  class space    used 13055K, capacity 14073K, committed 14188K, reserved 1048576K
}
Event: 142.393 GC heap after
{Heap after GC invocations=23 (full 0):
 garbage-first heap   total 303104K, used 116863K [0x0000000080000000, 0x0000000100000000)
  region size 1024K, 14 young (14336K), 14 survivors (14336K)
 Metaspace       used 103690K, capacity 106374K, committed 106708K, reserved 1142784K
  class space    used 13055K, capacity 14073K, committed 14188K, reserved 1048576K
}

Deoptimization events (20 events):
Event: 142.463 Thread 0x000001c6711a3800 DEOPT PACKING pc=0x000001c65efbe578 sp=0x0000006423bfbab0
Event: 142.463 Thread 0x000001c6711a3800 DEOPT UNPACKING pc=0x000001c656b6a1af sp=0x0000006423bfb9e0 mode 2
Event: 142.489 Thread 0x000001c6711a3800 Uncommon trap: trap_request=0xffffffd6 fr.pc=0x000001c65ef2b79c relative=0x0000000000000b1c
Event: 142.489 Thread 0x000001c6711a3800 Uncommon trap: reason=array_check action=maybe_recompile pc=0x000001c65ef2b79c method=java.util.TimSort.binarySort([Ljava/lang/Object;IIILjava/util/Comparator;)V @ 183 c2
Event: 142.489 Thread 0x000001c6711a3800 DEOPT PACKING pc=0x000001c65ef2b79c sp=0x0000006423bfcd60
Event: 142.489 Thread 0x000001c6711a3800 DEOPT UNPACKING pc=0x000001c656b6a1af sp=0x0000006423bfcd08 mode 2
Event: 142.560 Thread 0x000001c6711a3800 Uncommon trap: trap_request=0xffffffde fr.pc=0x000001c65ed6833c relative=0x0000000000001fdc
Event: 142.560 Thread 0x000001c6711a3800 Uncommon trap: reason=class_check action=maybe_recompile pc=0x000001c65ed6833c method=org.gradle.internal.snapshot.impl.AbstractValueProcessor.processValue(Ljava/lang/Object;Lorg/gradle/internal/snapshot/impl/AbstractValueProcessor$ValueVisitor;)Ljava/lan
Event: 142.560 Thread 0x000001c6711a3800 DEOPT PACKING pc=0x000001c65ed6833c sp=0x0000006423bfa300
Event: 142.560 Thread 0x000001c6711a3800 DEOPT UNPACKING pc=0x000001c656b6a1af sp=0x0000006423bfa300 mode 2
Event: 142.864 Thread 0x000001c670d1b000 DEOPT PACKING pc=0x000001c65768a127 sp=0x00000064240fd4c0
Event: 142.864 Thread 0x000001c670d1b000 DEOPT UNPACKING pc=0x000001c656b6a95e sp=0x00000064240fc958 mode 0
Event: 142.908 Thread 0x000001c6711a3800 Uncommon trap: trap_request=0xffffffc6 fr.pc=0x000001c65e7d9850 relative=0x00000000000008f0
Event: 142.908 Thread 0x000001c6711a3800 Uncommon trap: reason=bimorphic_or_optimized_type_check action=maybe_recompile pc=0x000001c65e7d9850 method=java.lang.Throwable.<init>(Ljava/lang/String;Ljava/lang/Throwable;)V @ 24 c2
Event: 142.908 Thread 0x000001c6711a3800 DEOPT PACKING pc=0x000001c65e7d9850 sp=0x0000006423bfb350
Event: 142.908 Thread 0x000001c6711a3800 DEOPT UNPACKING pc=0x000001c656b6a1af sp=0x0000006423bfb330 mode 2
Event: 142.959 Thread 0x000001c6732cc800 Uncommon trap: trap_request=0xffffffc6 fr.pc=0x000001c65eb6b494 relative=0x0000000000000ab4
Event: 142.959 Thread 0x000001c6732cc800 Uncommon trap: reason=bimorphic_or_optimized_type_check action=maybe_recompile pc=0x000001c65eb6b494 method=com.google.common.cache.LocalCache$Segment.get(Ljava/lang/Object;I)Ljava/lang/Object; @ 44 c2
Event: 142.959 Thread 0x000001c6732cc800 DEOPT PACKING pc=0x000001c65eb6b494 sp=0x000000641e2fd950
Event: 142.959 Thread 0x000001c6732cc800 DEOPT UNPACKING pc=0x000001c656b6a1af sp=0x000000641e2fd918 mode 2

Classes redefined (0 events):
No events

Internal exceptions (20 events):
Event: 142.893 Thread 0x000001c670d1b000 Exception <a 'sun/nio/fs/WindowsException'{0x000000009189dc58}> (0x000000009189dc58) thrown at [./src/hotspot/share/prims/jni.cpp, line 616]
Event: 142.894 Thread 0x000001c670d1b000 Exception <a 'sun/nio/fs/WindowsException'{0x00000000918a2320}> (0x00000000918a2320) thrown at [./src/hotspot/share/prims/jni.cpp, line 616]
Event: 142.894 Thread 0x000001c670d1b000 Exception <a 'sun/nio/fs/WindowsException'{0x00000000918a5bc8}> (0x00000000918a5bc8) thrown at [./src/hotspot/share/prims/jni.cpp, line 616]
Event: 142.895 Thread 0x000001c670d1b000 Exception <a 'sun/nio/fs/WindowsException'{0x00000000918a93a8}> (0x00000000918a93a8) thrown at [./src/hotspot/share/prims/jni.cpp, line 616]
Event: 142.896 Thread 0x000001c670d1b000 Exception <a 'sun/nio/fs/WindowsException'{0x00000000918ad170}> (0x00000000918ad170) thrown at [./src/hotspot/share/prims/jni.cpp, line 616]
Event: 142.897 Thread 0x000001c670d1b000 Exception <a 'sun/nio/fs/WindowsException'{0x00000000918b0960}> (0x00000000918b0960) thrown at [./src/hotspot/share/prims/jni.cpp, line 616]
Event: 142.897 Thread 0x000001c670d1b000 Exception <a 'sun/nio/fs/WindowsException'{0x00000000918b3f60}> (0x00000000918b3f60) thrown at [./src/hotspot/share/prims/jni.cpp, line 616]
Event: 142.898 Thread 0x000001c670d1b000 Exception <a 'sun/nio/fs/WindowsException'{0x00000000918bcd68}> (0x00000000918bcd68) thrown at [./src/hotspot/share/prims/jni.cpp, line 616]
Event: 142.899 Thread 0x000001c670d1b000 Exception <a 'sun/nio/fs/WindowsException'{0x00000000918c04f0}> (0x00000000918c04f0) thrown at [./src/hotspot/share/prims/jni.cpp, line 616]
Event: 142.899 Thread 0x000001c670d1b000 Exception <a 'sun/nio/fs/WindowsException'{0x00000000918c3808}> (0x00000000918c3808) thrown at [./src/hotspot/share/prims/jni.cpp, line 616]
Event: 142.900 Thread 0x000001c670d1b000 Exception <a 'sun/nio/fs/WindowsException'{0x00000000918c70c8}> (0x00000000918c70c8) thrown at [./src/hotspot/share/prims/jni.cpp, line 616]
Event: 142.901 Thread 0x000001c670d1b000 Exception <a 'sun/nio/fs/WindowsException'{0x00000000918ca578}> (0x00000000918ca578) thrown at [./src/hotspot/share/prims/jni.cpp, line 616]
Event: 142.902 Thread 0x000001c670d1b000 Exception <a 'sun/nio/fs/WindowsException'{0x00000000918ce240}> (0x00000000918ce240) thrown at [./src/hotspot/share/prims/jni.cpp, line 616]
Event: 142.903 Thread 0x000001c670d1b000 Exception <a 'sun/nio/fs/WindowsException'{0x00000000918d1a30}> (0x00000000918d1a30) thrown at [./src/hotspot/share/prims/jni.cpp, line 616]
Event: 142.903 Thread 0x000001c670d1b000 Exception <a 'sun/nio/fs/WindowsException'{0x00000000918d5e60}> (0x00000000918d5e60) thrown at [./src/hotspot/share/prims/jni.cpp, line 616]
Event: 142.904 Thread 0x000001c670d1b000 Exception <a 'sun/nio/fs/WindowsException'{0x00000000918d97b8}> (0x00000000918d97b8) thrown at [./src/hotspot/share/prims/jni.cpp, line 616]
Event: 142.905 Thread 0x000001c670d1b000 Exception <a 'sun/nio/fs/WindowsException'{0x00000000918dd628}> (0x00000000918dd628) thrown at [./src/hotspot/share/prims/jni.cpp, line 616]
Event: 142.927 Thread 0x000001c6732cc800 Exception <a 'sun/nio/fs/WindowsException'{0x0000000091446910}> (0x0000000091446910) thrown at [./src/hotspot/share/prims/jni.cpp, line 616]
Event: 142.927 Thread 0x000001c6732cc800 Exception <a 'sun/nio/fs/WindowsException'{0x0000000091446990}> (0x0000000091446990) thrown at [./src/hotspot/share/prims/jni.cpp, line 616]
Event: 142.927 Thread 0x000001c6732cc800 Exception <a 'sun/nio/fs/WindowsException'{0x0000000091448310}> (0x0000000091448310) thrown at [./src/hotspot/share/prims/jni.cpp, line 616]

Events (20 events):
Event: 142.993 Thread 0x000001c670713800 Thread exited: 0x000001c670713800
Event: 143.002 Thread 0x000001c670718800 Thread exited: 0x000001c670718800
Event: 143.010 Executing VM operation: RevokeBias
Event: 143.010 Executing VM operation: RevokeBias done
Event: 143.010 Executing VM operation: RevokeBias
Event: 143.011 Executing VM operation: RevokeBias done
Event: 143.011 Thread 0x000001c670717800 Thread exited: 0x000001c670717800
Event: 148.022 Thread 0x000001c670ebf800 Thread exited: 0x000001c670ebf800
Event: 149.680 Thread 0x000001c670d1b000 Thread added: 0x000001c670d1b000
Event: 149.684 Thread 0x000001c670d21000 Thread added: 0x000001c670d21000
Event: 149.689 Thread 0x000001c670d20000 Thread added: 0x000001c670d20000
Event: 149.690 Thread 0x000001c670d22000 Thread added: 0x000001c670d22000
Event: 149.691 Thread 0x000001c670d1e800 Thread added: 0x000001c670d1e800
Event: 149.708 Thread 0x000001c670d1c000 Thread added: 0x000001c670d1c000
Event: 149.710 Thread 0x000001c670d22800 Thread added: 0x000001c670d22800
Event: 149.712 Thread 0x000001c670d1d000 Thread added: 0x000001c670d1d000
Event: 149.715 Thread 0x000001c670d23800 Thread added: 0x000001c670d23800
Event: 149.723 Thread 0x000001c670d1d800 Thread added: 0x000001c670d1d800
Event: 149.743 Thread 0x000001c670ebf800 Thread added: 0x000001c670ebf800
Event: 149.749 Thread 0x000001c670d27800 Thread added: 0x000001c670d27800


Dynamic libraries:
0x00007ff6a5970000 - 0x00007ff6a597a000 	C:\Program Files\Android\Android Studio\jre\bin\java.exe
0x00007ffd65770000 - 0x00007ffd65984000 	C:\Windows\SYSTEM32\ntdll.dll
0x00007ffd64730000 - 0x00007ffd647f2000 	C:\Windows\System32\KERNEL32.DLL
0x00007ffd62c40000 - 0x00007ffd62fdd000 	C:\Windows\System32\KERNELBASE.dll
0x00007ffd62fe0000 - 0x00007ffd630f1000 	C:\Windows\System32\ucrtbase.dll
0x00007ffd59ae0000 - 0x00007ffd59af9000 	C:\Program Files\Android\Android Studio\jre\bin\jli.dll
0x00007ffd5b3c0000 - 0x00007ffd5b3d7000 	C:\Program Files\Android\Android Studio\jre\bin\VCRUNTIME140.dll
0x00007ffd639b0000 - 0x00007ffd63b5a000 	C:\Windows\System32\USER32.dll
0x00007ffd62c10000 - 0x00007ffd62c36000 	C:\Windows\System32\win32u.dll
0x00007ffd4aad0000 - 0x00007ffd4ad5e000 	C:\Windows\WinSxS\amd64_microsoft.windows.common-controls_6595b64144ccf1df_6.0.22621.608_none_a9444ca7c10bb01d\COMCTL32.dll
0x00007ffd64800000 - 0x00007ffd64829000 	C:\Windows\System32\GDI32.dll
0x00007ffd651d0000 - 0x00007ffd65277000 	C:\Windows\System32\msvcrt.dll
0x00007ffd633d0000 - 0x00007ffd634e2000 	C:\Windows\System32\gdi32full.dll
0x00007ffd63270000 - 0x00007ffd6330a000 	C:\Windows\System32\msvcp_win.dll
0x00007ffd636e0000 - 0x00007ffd63712000 	C:\Windows\System32\IMM32.DLL
0x00007ffd479d0000 - 0x00007ffd47a6d000 	C:\Program Files\Android\Android Studio\jre\bin\msvcp140.dll
0x00007ffd00830000 - 0x00007ffd01332000 	C:\Program Files\Android\Android Studio\jre\bin\server\jvm.dll
0x00007ffd637d0000 - 0x00007ffd6387e000 	C:\Windows\System32\ADVAPI32.dll
0x00007ffd65280000 - 0x00007ffd65324000 	C:\Windows\System32\sechost.dll
0x00007ffd65330000 - 0x00007ffd65445000 	C:\Windows\System32\RPCRT4.dll
0x00007ffd636a0000 - 0x00007ffd636a8000 	C:\Windows\System32\PSAPI.DLL
0x00007ffd59f90000 - 0x00007ffd59fc4000 	C:\Windows\SYSTEM32\WINMM.dll
0x00007ffd40940000 - 0x00007ffd40949000 	C:\Windows\SYSTEM32\WSOCK32.dll
0x00007ffd5b9c0000 - 0x00007ffd5b9ca000 	C:\Windows\SYSTEM32\VERSION.dll
0x00007ffd65140000 - 0x00007ffd651b1000 	C:\Windows\System32\WS2_32.dll
0x00007ffd61b80000 - 0x00007ffd61b98000 	C:\Windows\SYSTEM32\kernel.appcore.dll
0x00007ffd5e0b0000 - 0x00007ffd5e0c1000 	C:\Program Files\Android\Android Studio\jre\bin\verify.dll
0x00007ffd508a0000 - 0x00007ffd50ace000 	C:\Windows\SYSTEM32\DBGHELP.DLL
0x00007ffd64db0000 - 0x00007ffd6513a000 	C:\Windows\System32\combase.dll
0x00007ffd65450000 - 0x00007ffd65527000 	C:\Windows\System32\OLEAUT32.dll
0x00007ffd44770000 - 0x00007ffd447a2000 	C:\Windows\SYSTEM32\dbgcore.DLL
0x00007ffd634f0000 - 0x00007ffd6356b000 	C:\Windows\System32\bcryptPrimitives.dll
0x00007ffd5e080000 - 0x00007ffd5e0a9000 	C:\Program Files\Android\Android Studio\jre\bin\java.dll
0x00007ffd5ff60000 - 0x00007ffd5ff6b000 	C:\Program Files\Android\Android Studio\jre\bin\jimage.dll
0x00007ffd5d4d0000 - 0x00007ffd5d4e8000 	C:\Program Files\Android\Android Studio\jre\bin\zip.dll
0x00007ffd63d90000 - 0x00007ffd64570000 	C:\Windows\System32\SHELL32.dll
0x00007ffd60b90000 - 0x00007ffd61455000 	C:\Windows\SYSTEM32\windows.storage.dll
0x00007ffd60a50000 - 0x00007ffd60b8e000 	C:\Windows\SYSTEM32\wintypes.dll
0x00007ffd64830000 - 0x00007ffd64921000 	C:\Windows\System32\SHCORE.dll
0x00007ffd63720000 - 0x00007ffd6377e000 	C:\Windows\System32\shlwapi.dll
0x00007ffd62ad0000 - 0x00007ffd62af1000 	C:\Windows\SYSTEM32\profapi.dll
0x00007ffd5d4b0000 - 0x00007ffd5d4ca000 	C:\Program Files\Android\Android Studio\jre\bin\net.dll
0x00007ffd5c600000 - 0x00007ffd5c72f000 	C:\Windows\SYSTEM32\WINHTTP.dll
0x00007ffd62020000 - 0x00007ffd62089000 	C:\Windows\system32\mswsock.dll
0x00007ffd5b5c0000 - 0x00007ffd5b5d4000 	C:\Program Files\Android\Android Studio\jre\bin\nio.dll
0x00007ffd48de0000 - 0x00007ffd48e07000 	C:\Users\Nauruz\.gradle\native\e1d6ef7f7dcc3fd88c89a11ec53ec762bb8ba0a96d01ffa2cd45eb1d1d8dd5c5\windows-amd64\native-platform.dll
0x00007ffd03d10000 - 0x00007ffd03e54000 	C:\Users\Nauruz\.gradle\native\0d407fdbe67a94daf76414ababcb853783967236a71b16ec16e742cd7a986fd3\windows-amd64\native-platform-file-events.dll
0x00007ffd5ff00000 - 0x00007ffd5ff0a000 	C:\Program Files\Android\Android Studio\jre\bin\management.dll
0x00007ffd5dfe0000 - 0x00007ffd5dfed000 	C:\Program Files\Android\Android Studio\jre\bin\management_ext.dll
0x00007ffd62330000 - 0x00007ffd6234b000 	C:\Windows\SYSTEM32\CRYPTSP.dll
0x00007ffd61b40000 - 0x00007ffd61b75000 	C:\Windows\system32\rsaenh.dll
0x00007ffd620c0000 - 0x00007ffd620e8000 	C:\Windows\SYSTEM32\USERENV.dll
0x00007ffd62510000 - 0x00007ffd62538000 	C:\Windows\SYSTEM32\bcrypt.dll
0x00007ffd62310000 - 0x00007ffd6231c000 	C:\Windows\SYSTEM32\CRYPTBASE.dll
0x00007ffd616a0000 - 0x00007ffd616cd000 	C:\Windows\SYSTEM32\IPHLPAPI.DLL
0x00007ffd651c0000 - 0x00007ffd651c9000 	C:\Windows\System32\NSI.dll
0x00007ffd5c5e0000 - 0x00007ffd5c5f9000 	C:\Windows\SYSTEM32\dhcpcsvc6.DLL
0x00007ffd5c5c0000 - 0x00007ffd5c5df000 	C:\Windows\SYSTEM32\dhcpcsvc.DLL
0x00007ffd616d0000 - 0x00007ffd617c2000 	C:\Windows\SYSTEM32\DNSAPI.dll
0x00007ffd490c0000 - 0x00007ffd490e7000 	C:\Program Files\Android\Android Studio\jre\bin\sunec.dll
0x00007ffd489f0000 - 0x00007ffd48a0e000 	C:\Users\Nauruz\AppData\Local\Temp\native-platform1873795951960245571dir\native-platform.dll

dbghelp: loaded successfully - version: 4.0.5 - missing functions: none
symbol engine: initialized successfully - sym options: 0x614 - pdb path: .;C:\Program Files\Android\Android Studio\jre\bin;C:\Windows\SYSTEM32;C:\Windows\WinSxS\amd64_microsoft.windows.common-controls_6595b64144ccf1df_6.0.22621.608_none_a9444ca7c10bb01d;C:\Program Files\Android\Android Studio\jre\bin\server;C:\Users\Nauruz\.gradle\native\e1d6ef7f7dcc3fd88c89a11ec53ec762bb8ba0a96d01ffa2cd45eb1d1d8dd5c5\windows-amd64;C:\Users\Nauruz\.gradle\native\0d407fdbe67a94daf76414ababcb853783967236a71b16ec16e742cd7a986fd3\windows-amd64;C:\Users\Nauruz\AppData\Local\Temp\native-platform1873795951960245571dir

VM Arguments:
jvm_args: --add-opens=java.base/java.util=ALL-UNNAMED --add-opens=java.base/java.lang=ALL-UNNAMED --add-opens=java.base/java.lang.invoke=ALL-UNNAMED --add-opens=java.base/java.util=ALL-UNNAMED --add-opens=java.prefs/java.util.prefs=ALL-UNNAMED --add-opens=java.prefs/java.util.prefs=ALL-UNNAMED --add-opens=java.base/java.nio.charset=ALL-UNNAMED --add-opens=java.base/java.net=ALL-UNNAMED --add-opens=java.base/java.util.concurrent.atomic=ALL-UNNAMED -Xmx2048m -Dfile.encoding=UTF-8 -Duser.country=RU -Duser.language=ru -Duser.variant 
java_command: org.gradle.launcher.daemon.bootstrap.GradleDaemon 7.4
java_class_path (initial): C:\Users\Nauruz\.gradle\wrapper\dists\gradle-7.4-bin\c0gwcg53nkjbqw7r0h0umtfvt\gradle-7.4\lib\gradle-launcher-7.4.jar
Launcher Type: SUN_STANDARD

[Global flags]
     intx CICompilerCount                          = 3                                         {product} {ergonomic}
     uint ConcGCThreads                            = 2                                         {product} {ergonomic}
     uint G1ConcRefinementThreads                  = 6                                         {product} {ergonomic}
   size_t G1HeapRegionSize                         = 1048576                                   {product} {ergonomic}
    uintx GCDrainStackTargetSize                   = 64                                        {product} {ergonomic}
   size_t InitialHeapSize                          = 257949696                                 {product} {ergonomic}
   size_t MarkStackSize                            = 4194304                                   {product} {ergonomic}
   size_t MaxHeapSize                              = 2147483648                                {product} {command line}
   size_t MaxNewSize                               = 1287651328                                {product} {ergonomic}
   size_t MinHeapDeltaBytes                        = 1048576                                   {product} {ergonomic}
    uintx NonNMethodCodeHeapSize                   = 5830732                                {pd product} {ergonomic}
    uintx NonProfiledCodeHeapSize                  = 122913754                              {pd product} {ergonomic}
    uintx ProfiledCodeHeapSize                     = 122913754                              {pd product} {ergonomic}
    uintx ReservedCodeCacheSize                    = 251658240                              {pd product} {ergonomic}
     bool SegmentedCodeCache                       = true                                      {product} {ergonomic}
     bool UseCompressedClassPointers               = true                                 {lp64_product} {ergonomic}
     bool UseCompressedOops                        = true                                 {lp64_product} {ergonomic}
     bool UseG1GC                                  = true                                      {product} {ergonomic}
     bool UseLargePagesIndividualAllocation        = false                                  {pd product} {ergonomic}

Logging:
Log output configuration:
 #0: stdout all=warning uptime,level,tags
 #1: stderr all=off uptime,level,tags

Environment Variables:
JAVA_HOME=C:\Program Files\Java\jdk1.8.0_202
PATH=C:\Program Files (x86)\Common Files\Oracle\Java\javapath;C:\Windows\system32;C:\Windows;C:\Windows\System32\Wbem;C:\Windows\System32\WindowsPowerShell\v1.0\;C:\Windows\System32\OpenSSH\;C:\Program Files\Git\cmd;C:\Program Files\maven\bin;C:\flyway-9.6.0;C:\Program Files\Java\jdk1.8.0_202\bin;C:\Program Files\PostgreSQL\15\bin;C:\Users\Nauruz\AppData\Local\Microsoft\WindowsApps;C:\Users\Nauruz\AppData\Local\JetBrains\Toolbox\scripts;
USERNAME=Nauruz
OS=Windows_NT
PROCESSOR_IDENTIFIER=AMD64 Family 23 Model 96 Stepping 1, AuthenticAMD



---------------  S Y S T E M  ---------------

OS: Windows 11 , 64 bit Build 22621 (10.0.22621.755)
OS uptime: 2 days 23:32 hours
Hyper-V role detected

CPU:total 6 (initial active 6) (6 cores per cpu, 1 threads per core) family 23 model 96 stepping 1 microcode 0x0, cmov, cx8, fxsr, mmx, sse, sse2, sse3, ssse3, sse4.1, sse4.2, popcnt, avx, avx2, aes, clmul, mmxext, 3dnowpref, lzcnt, sse4a, tsc, tscinvbit, tscinv, bmi1, bmi2, adx, sha, fma

Memory: 4k page, system-wide physical 15733M (1953M free)
TotalPageFile size 15733M (AvailPageFile size 4M)
current process WorkingSet (physical memory assigned to process): 580M, peak: 608M
current process commit charge ("private bytes"): 616M, peak: 646M

vm_info: OpenJDK 64-Bit Server VM (11.0.13+0-b1751.21-8125866) for windows-amd64 JRE (11.0.13+0-b1751.21-8125866), built on Feb  2 2022 03:00:22 by "builder" with MS VC++ 14.0 (VS2015)

END.
